[2021-05-27 11:21:07,491] {taskinstance.py:876} INFO - Dependencies all met for <TaskInstance: assignment_2.extract_csv 2021-05-27T11:20:22.944851+00:00 [queued]>
[2021-05-27 11:21:07,515] {taskinstance.py:876} INFO - Dependencies all met for <TaskInstance: assignment_2.extract_csv 2021-05-27T11:20:22.944851+00:00 [queued]>
[2021-05-27 11:21:07,515] {taskinstance.py:1067} INFO - 
--------------------------------------------------------------------------------
[2021-05-27 11:21:07,515] {taskinstance.py:1068} INFO - Starting attempt 1 of 2
[2021-05-27 11:21:07,515] {taskinstance.py:1069} INFO - 
--------------------------------------------------------------------------------
[2021-05-27 11:21:07,525] {taskinstance.py:1087} INFO - Executing <Task(PythonOperator): extract_csv> on 2021-05-27T11:20:22.944851+00:00
[2021-05-27 11:21:07,535] {standard_task_runner.py:52} INFO - Started process 867 to run task
[2021-05-27 11:21:07,540] {standard_task_runner.py:76} INFO - Running: ['***', 'tasks', 'run', 'assignment_2', 'extract_csv', '2021-05-27T11:20:22.944851+00:00', '--job-id', '48', '--pool', 'default_pool', '--raw', '--subdir', 'DAGS_FOLDER/code.py', '--cfg-path', '/tmp/tmp1asl8ojt', '--error-file', '/tmp/tmp8a9lhawx']
[2021-05-27 11:21:07,541] {standard_task_runner.py:77} INFO - Job 48: Subtask extract_csv
[2021-05-27 11:21:07,594] {logging_mixin.py:104} INFO - Running <TaskInstance: assignment_2.extract_csv 2021-05-27T11:20:22.944851+00:00 [running]> on host 41db0a5e0c84
[2021-05-27 11:21:07,655] {taskinstance.py:1282} INFO - Exporting the following env vars:
AIRFLOW_CTX_DAG_OWNER=***
AIRFLOW_CTX_DAG_ID=assignment_2
AIRFLOW_CTX_TASK_ID=extract_csv
AIRFLOW_CTX_EXECUTION_DATE=2021-05-27T11:20:22.944851+00:00
AIRFLOW_CTX_DAG_RUN_ID=manual__2021-05-27T11:20:22.944851+00:00
[2021-05-27 11:21:07,673] {code.py:85} INFO - 01-01-2020
[2021-05-27 11:21:08,239] {code.py:85} INFO - 01-02-2020
[2021-05-27 11:21:08,853] {code.py:85} INFO - 01-03-2020
[2021-05-27 11:21:09,468] {code.py:85} INFO - 01-04-2020
[2021-05-27 11:21:10,082] {code.py:85} INFO - 01-05-2020
[2021-05-27 11:21:10,575] {code.py:85} INFO - 01-06-2020
[2021-05-27 11:21:11,106] {code.py:85} INFO - 01-07-2020
[2021-05-27 11:21:11,601] {code.py:85} INFO - 01-08-2020
[2021-05-27 11:21:12,107] {code.py:85} INFO - 01-09-2020
[2021-05-27 11:21:12,644] {code.py:85} INFO - 01-10-2020
[2021-05-27 11:21:13,257] {code.py:85} INFO - 01-11-2020
[2021-05-27 11:21:13,871] {code.py:85} INFO - 01-12-2020
[2021-05-27 11:21:14,487] {code.py:85} INFO - 01-13-2020
[2021-05-27 11:21:15,101] {code.py:85} INFO - 01-14-2020
[2021-05-27 11:21:15,606] {code.py:85} INFO - 01-15-2020
[2021-05-27 11:21:16,125] {code.py:85} INFO - 01-16-2020
[2021-05-27 11:21:16,638] {code.py:85} INFO - 01-17-2020
[2021-05-27 11:21:17,133] {code.py:85} INFO - 01-18-2020
[2021-05-27 11:21:17,660] {code.py:85} INFO - 01-19-2020
[2021-05-27 11:21:18,173] {code.py:85} INFO - 01-20-2020
[2021-05-27 11:21:18,685] {code.py:85} INFO - 01-21-2020
[2021-05-27 11:21:19,299] {code.py:85} INFO - 01-22-2020
[2021-05-27 11:21:20,648] {code.py:85} INFO - 01-23-2020
[2021-05-27 11:21:21,556] {code.py:85} INFO - 01-24-2020
[2021-05-27 11:21:22,066] {code.py:85} INFO - 01-25-2020
[2021-05-27 11:21:22,579] {code.py:85} INFO - 01-26-2020
[2021-05-27 11:21:23,095] {code.py:85} INFO - 01-27-2020
[2021-05-27 11:21:23,909] {code.py:85} INFO - 01-28-2020
[2021-05-27 11:21:24,434] {code.py:85} INFO - 01-29-2020
[2021-05-27 11:21:24,935] {code.py:85} INFO - 01-30-2020
[2021-05-27 11:21:25,549] {code.py:85} INFO - 01-31-2020
[2021-05-27 11:21:26,060] {code.py:85} INFO - 02-01-2020
[2021-05-27 11:21:26,684] {code.py:85} INFO - 02-02-2020
[2021-05-27 11:21:27,187] {code.py:85} INFO - 02-03-2020
[2021-05-27 11:21:27,800] {code.py:85} INFO - 02-04-2020
[2021-05-27 11:21:28,419] {code.py:85} INFO - 02-05-2020
[2021-05-27 11:21:29,031] {code.py:85} INFO - 02-06-2020
[2021-05-27 11:21:29,551] {code.py:85} INFO - 02-07-2020
[2021-05-27 11:21:30,156] {code.py:85} INFO - 02-08-2020
[2021-05-27 11:21:30,668] {code.py:85} INFO - 02-09-2020
[2021-05-27 11:21:31,287] {code.py:85} INFO - 02-10-2020
[2021-05-27 11:21:31,797] {code.py:85} INFO - 02-11-2020
[2021-05-27 11:21:32,311] {code.py:85} INFO - 02-12-2020
[2021-05-27 11:21:32,821] {code.py:85} INFO - 02-13-2020
[2021-05-27 11:21:33,330] {code.py:85} INFO - 02-14-2020
[2021-05-27 11:21:33,842] {code.py:85} INFO - 02-15-2020
[2021-05-27 11:21:34,355] {code.py:85} INFO - 02-16-2020
[2021-05-27 11:21:34,972] {code.py:85} INFO - 02-17-2020
[2021-05-27 11:21:35,585] {code.py:85} INFO - 02-18-2020
[2021-05-27 11:21:36,129] {code.py:85} INFO - 02-19-2020
[2021-05-27 11:21:36,654] {code.py:85} INFO - 02-20-2020
[2021-05-27 11:21:37,435] {code.py:85} INFO - 02-21-2020
[2021-05-27 11:21:38,046] {code.py:85} INFO - 02-22-2020
[2021-05-27 11:21:38,669] {code.py:85} INFO - 02-23-2020
[2021-05-27 11:21:39,275] {code.py:85} INFO - 02-24-2020
[2021-05-27 11:21:39,894] {code.py:85} INFO - 02-25-2020
[2021-05-27 11:21:40,504] {code.py:85} INFO - 02-26-2020
[2021-05-27 11:21:41,123] {code.py:85} INFO - 02-27-2020
[2021-05-27 11:21:41,727] {code.py:85} INFO - 02-28-2020
[2021-05-27 11:21:42,263] {code.py:85} INFO - 02-29-2020
[2021-05-27 11:21:42,777] {code.py:85} INFO - 02-30-2020
[2021-05-27 11:21:43,363] {code.py:85} INFO - 02-31-2020
[2021-05-27 11:21:43,978] {code.py:85} INFO - 03-01-2020
[2021-05-27 11:21:44,611] {code.py:85} INFO - 03-02-2020
[2021-05-27 11:21:45,219] {code.py:85} INFO - 03-03-2020
[2021-05-27 11:21:45,825] {code.py:85} INFO - 03-04-2020
[2021-05-27 11:21:46,444] {code.py:85} INFO - 03-05-2020
[2021-05-27 11:21:47,054] {code.py:85} INFO - 03-06-2020
[2021-05-27 11:21:47,648] {code.py:85} INFO - 03-07-2020
[2021-05-27 11:21:48,181] {code.py:85} INFO - 03-08-2020
[2021-05-27 11:21:48,803] {code.py:85} INFO - 03-09-2020
[2021-05-27 11:21:49,310] {code.py:85} INFO - 03-10-2020
[2021-05-27 11:21:49,931] {code.py:85} INFO - 03-11-2020
[2021-05-27 11:21:50,545] {code.py:85} INFO - 03-12-2020
[2021-05-27 11:21:51,154] {code.py:85} INFO - 03-13-2020
[2021-05-27 11:21:51,774] {code.py:85} INFO - 03-14-2020
[2021-05-27 11:21:52,386] {code.py:85} INFO - 03-15-2020
[2021-05-27 11:21:53,214] {code.py:85} INFO - 03-16-2020
[2021-05-27 11:21:53,815] {code.py:85} INFO - 03-17-2020
[2021-05-27 11:21:54,738] {code.py:85} INFO - 03-18-2020
[2021-05-27 11:21:55,358] {code.py:85} INFO - 03-19-2020
[2021-05-27 11:21:55,875] {code.py:85} INFO - 03-20-2020
[2021-05-27 11:21:56,480] {code.py:85} INFO - 03-21-2020
[2021-05-27 11:21:56,969] {code.py:85} INFO - 03-22-2020
[2021-05-27 11:21:57,678] {code.py:85} INFO - 03-23-2020
[2021-05-27 11:21:58,376] {code.py:85} INFO - 03-24-2020
[2021-05-27 11:21:59,157] {code.py:85} INFO - 03-25-2020
[2021-05-27 11:22:00,402] {code.py:85} INFO - 03-26-2020
[2021-05-27 11:22:01,139] {code.py:85} INFO - 03-27-2020
[2021-05-27 11:22:01,840] {code.py:85} INFO - 03-28-2020
[2021-05-27 11:22:02,516] {code.py:85} INFO - 03-29-2020
[2021-05-27 11:22:03,409] {code.py:85} INFO - 03-30-2020
[2021-05-27 11:22:04,197] {code.py:85} INFO - 03-31-2020
[2021-05-27 11:22:04,958] {code.py:85} INFO - 04-01-2020
[2021-05-27 11:22:05,813] {code.py:85} INFO - 04-02-2020
[2021-05-27 11:22:06,744] {code.py:85} INFO - 04-03-2020
[2021-05-27 11:22:07,828] {code.py:85} INFO - 04-04-2020
[2021-05-27 11:22:08,682] {code.py:85} INFO - 04-05-2020
[2021-05-27 11:22:09,462] {code.py:85} INFO - 04-06-2020
[2021-05-27 11:22:10,214] {code.py:85} INFO - 04-07-2020
[2021-05-27 11:22:10,950] {code.py:85} INFO - 04-08-2020
[2021-05-27 11:22:11,747] {code.py:85} INFO - 04-09-2020
[2021-05-27 11:22:12,448] {code.py:85} INFO - 04-10-2020
[2021-05-27 11:22:13,142] {code.py:85} INFO - 04-11-2020
[2021-05-27 11:22:14,100] {code.py:85} INFO - 04-12-2020
[2021-05-27 11:22:14,782] {code.py:85} INFO - 04-13-2020
[2021-05-27 11:22:15,662] {code.py:85} INFO - 04-14-2020
[2021-05-27 11:22:16,390] {code.py:85} INFO - 04-15-2020
[2021-05-27 11:22:17,747] {code.py:85} INFO - 04-16-2020
[2021-05-27 11:22:18,974] {code.py:85} INFO - 04-17-2020
[2021-05-27 11:22:19,785] {code.py:85} INFO - 04-18-2020
[2021-05-27 11:22:20,591] {code.py:85} INFO - 04-19-2020
[2021-05-27 11:22:21,431] {code.py:85} INFO - 04-20-2020
[2021-05-27 11:22:22,154] {code.py:85} INFO - 04-21-2020
[2021-05-27 11:22:22,865] {code.py:85} INFO - 04-22-2020
[2021-05-27 11:22:23,743] {code.py:85} INFO - 04-23-2020
[2021-05-27 11:22:25,060] {code.py:85} INFO - 04-24-2020
[2021-05-27 11:22:25,905] {code.py:85} INFO - 04-25-2020
[2021-05-27 11:22:27,042] {code.py:85} INFO - 04-26-2020
[2021-05-27 11:22:27,768] {code.py:85} INFO - 04-27-2020
[2021-05-27 11:22:28,560] {code.py:85} INFO - 04-28-2020
[2021-05-27 11:22:29,325] {code.py:85} INFO - 04-29-2020
[2021-05-27 11:22:30,081] {code.py:85} INFO - 04-30-2020
[2021-05-27 11:22:30,920] {code.py:85} INFO - 04-31-2020
[2021-05-27 11:22:31,491] {code.py:85} INFO - 05-01-2020
[2021-05-27 11:22:32,260] {code.py:85} INFO - 05-02-2020
[2021-05-27 11:22:33,197] {code.py:85} INFO - 05-03-2020
[2021-05-27 11:22:33,995] {code.py:85} INFO - 05-04-2020
[2021-05-27 11:22:34,833] {code.py:85} INFO - 05-05-2020
[2021-05-27 11:22:35,628] {code.py:85} INFO - 05-06-2020
[2021-05-27 11:22:36,383] {code.py:85} INFO - 05-07-2020
[2021-05-27 11:22:37,170] {code.py:85} INFO - 05-08-2020
[2021-05-27 11:22:37,838] {code.py:85} INFO - 05-09-2020
[2021-05-27 11:22:38,599] {code.py:85} INFO - 05-10-2020
[2021-05-27 11:22:40,032] {code.py:85} INFO - 05-11-2020
[2021-05-27 11:22:41,056] {code.py:85} INFO - 05-12-2020
[2021-05-27 11:22:42,493] {code.py:85} INFO - 05-13-2020
[2021-05-27 11:22:43,391] {code.py:85} INFO - 05-14-2020
[2021-05-27 11:22:44,145] {code.py:85} INFO - 05-15-2020
[2021-05-27 11:22:44,815] {code.py:85} INFO - 05-16-2020
[2021-05-27 11:22:46,297] {code.py:85} INFO - 05-17-2020
[2021-05-27 11:22:47,113] {code.py:85} INFO - 05-18-2020
[2021-05-27 11:22:47,928] {code.py:85} INFO - 05-19-2020
[2021-05-27 11:22:48,785] {code.py:85} INFO - 05-20-2020
[2021-05-27 11:22:49,578] {code.py:85} INFO - 05-21-2020
[2021-05-27 11:22:50,386] {code.py:85} INFO - 05-22-2020
[2021-05-27 11:22:51,123] {code.py:85} INFO - 05-23-2020
[2021-05-27 11:22:51,920] {code.py:85} INFO - 05-24-2020
[2021-05-27 11:22:52,753] {code.py:85} INFO - 05-25-2020
[2021-05-27 11:22:53,568] {code.py:85} INFO - 05-26-2020
[2021-05-27 11:22:54,395] {code.py:85} INFO - 05-27-2020
[2021-05-27 11:22:55,181] {code.py:85} INFO - 05-28-2020
[2021-05-27 11:22:56,058] {code.py:85} INFO - 05-29-2020
[2021-05-27 11:22:57,020] {code.py:85} INFO - 05-30-2020
[2021-05-27 11:23:00,223] {code.py:85} INFO - 05-31-2020
[2021-05-27 11:23:01,113] {code.py:85} INFO - 06-01-2020
[2021-05-27 11:23:01,812] {code.py:85} INFO - 06-02-2020
[2021-05-27 11:23:02,446] {code.py:85} INFO - 06-03-2020
[2021-05-27 11:23:03,392] {code.py:85} INFO - 06-04-2020
[2021-05-27 11:23:04,306] {code.py:85} INFO - 06-05-2020
[2021-05-27 11:23:05,194] {code.py:85} INFO - 06-06-2020
[2021-05-27 11:23:06,128] {code.py:85} INFO - 06-07-2020
[2021-05-27 11:23:07,028] {code.py:85} INFO - 06-08-2020
[2021-05-27 11:23:07,704] {code.py:85} INFO - 06-09-2020
[2021-05-27 11:23:08,566] {code.py:85} INFO - 06-10-2020
[2021-05-27 11:23:09,295] {code.py:85} INFO - 06-11-2020
[2021-05-27 11:23:10,217] {code.py:85} INFO - 06-12-2020
[2021-05-27 11:23:11,146] {code.py:85} INFO - 06-13-2020
[2021-05-27 11:23:11,821] {code.py:85} INFO - 06-14-2020
[2021-05-27 11:23:12,570] {code.py:85} INFO - 06-15-2020
[2021-05-27 11:23:13,486] {code.py:85} INFO - 06-16-2020
[2021-05-27 11:23:14,941] {code.py:85} INFO - 06-17-2020
[2021-05-27 11:23:15,686] {code.py:85} INFO - 06-18-2020
[2021-05-27 11:23:16,393] {code.py:85} INFO - 06-19-2020
[2021-05-27 11:23:17,168] {code.py:85} INFO - 06-20-2020
[2021-05-27 11:23:18,089] {code.py:85} INFO - 06-21-2020
[2021-05-27 11:23:18,784] {code.py:85} INFO - 06-22-2020
[2021-05-27 11:23:19,625] {code.py:85} INFO - 06-23-2020
[2021-05-27 11:23:20,255] {code.py:85} INFO - 06-24-2020
[2021-05-27 11:23:20,966] {code.py:85} INFO - 06-25-2020
[2021-05-27 11:23:21,864] {code.py:85} INFO - 06-26-2020
[2021-05-27 11:23:22,773] {code.py:85} INFO - 06-27-2020
[2021-05-27 11:23:23,669] {code.py:85} INFO - 06-28-2020
[2021-05-27 11:23:24,579] {code.py:85} INFO - 06-29-2020
[2021-05-27 11:23:26,092] {code.py:85} INFO - 06-30-2020
[2021-05-27 11:23:26,911] {code.py:85} INFO - 06-31-2020
[2021-05-27 11:23:27,507] {code.py:85} INFO - 07-01-2020
[2021-05-27 11:23:28,169] {code.py:85} INFO - 07-02-2020
[2021-05-27 11:23:28,966] {code.py:85} INFO - 07-03-2020
[2021-05-27 11:23:29,811] {code.py:85} INFO - 07-04-2020
[2021-05-27 11:23:30,738] {code.py:85} INFO - 07-05-2020
[2021-05-27 11:23:32,276] {code.py:85} INFO - 07-06-2020
[2021-05-27 11:23:33,102] {code.py:85} INFO - 07-07-2020
[2021-05-27 11:23:34,619] {code.py:85} INFO - 07-08-2020
[2021-05-27 11:23:35,920] {code.py:85} INFO - 07-09-2020
[2021-05-27 11:23:36,998] {code.py:85} INFO - 07-10-2020
[2021-05-27 11:23:37,789] {code.py:85} INFO - 07-11-2020
[2021-05-27 11:23:38,737] {code.py:85} INFO - 07-12-2020
[2021-05-27 11:23:39,627] {code.py:85} INFO - 07-13-2020
[2021-05-27 11:23:40,383] {code.py:85} INFO - 07-14-2020
[2021-05-27 11:23:41,006] {code.py:85} INFO - 07-15-2020
[2021-05-27 11:23:41,954] {code.py:85} INFO - 07-16-2020
[2021-05-27 11:23:42,707] {code.py:85} INFO - 07-17-2020
[2021-05-27 11:23:43,339] {code.py:85} INFO - 07-18-2020
[2021-05-27 11:23:44,344] {code.py:85} INFO - 07-19-2020
[2021-05-27 11:23:46,007] {code.py:85} INFO - 07-20-2020
[2021-05-27 11:23:46,733] {code.py:85} INFO - 07-21-2020
[2021-05-27 11:23:47,559] {code.py:85} INFO - 07-22-2020
[2021-05-27 11:23:48,200] {code.py:85} INFO - 07-23-2020
[2021-05-27 11:23:48,897] {code.py:85} INFO - 07-24-2020
[2021-05-27 11:23:49,765] {code.py:85} INFO - 07-25-2020
[2021-05-27 11:23:50,742] {code.py:85} INFO - 07-26-2020
[2021-05-27 11:23:51,939] {code.py:85} INFO - 07-27-2020
[2021-05-27 11:23:53,162] {code.py:85} INFO - 07-28-2020
[2021-05-27 11:23:53,949] {code.py:85} INFO - 07-29-2020
[2021-05-27 11:23:54,876] {code.py:85} INFO - 07-30-2020
[2021-05-27 11:23:55,799] {code.py:85} INFO - 07-31-2020
[2021-05-27 11:23:56,861] {code.py:85} INFO - 08-01-2020
[2021-05-27 11:23:57,640] {code.py:85} INFO - 08-02-2020
[2021-05-27 11:23:58,609] {code.py:85} INFO - 08-03-2020
[2021-05-27 11:23:59,623] {code.py:85} INFO - 08-04-2020
[2021-05-27 11:24:00,540] {code.py:85} INFO - 08-05-2020
[2021-05-27 11:24:01,547] {code.py:85} INFO - 08-06-2020
[2021-05-27 11:24:02,492] {code.py:85} INFO - 08-07-2020
[2021-05-27 11:24:03,407] {code.py:85} INFO - 08-08-2020
[2021-05-27 11:24:04,161] {code.py:85} INFO - 08-09-2020
[2021-05-27 11:24:05,011] {code.py:85} INFO - 08-10-2020
[2021-05-27 11:24:05,784] {code.py:85} INFO - 08-11-2020
[2021-05-27 11:24:06,529] {code.py:85} INFO - 08-12-2020
[2021-05-27 11:24:07,188] {code.py:85} INFO - 08-13-2020
[2021-05-27 11:24:07,937] {code.py:85} INFO - 08-14-2020
[2021-05-27 11:24:08,908] {code.py:85} INFO - 08-15-2020
[2021-05-27 11:24:09,772] {code.py:85} INFO - 08-16-2020
[2021-05-27 11:24:10,446] {code.py:85} INFO - 08-17-2020
[2021-05-27 11:24:11,113] {code.py:85} INFO - 08-18-2020
[2021-05-27 11:24:11,932] {code.py:85} INFO - 08-19-2020
[2021-05-27 11:24:13,664] {code.py:85} INFO - 08-20-2020
[2021-05-27 11:24:14,374] {code.py:85} INFO - 08-21-2020
[2021-05-27 11:24:15,052] {code.py:85} INFO - 08-22-2020
[2021-05-27 11:24:15,795] {code.py:85} INFO - 08-23-2020
[2021-05-27 11:24:17,109] {code.py:85} INFO - 08-24-2020
[2021-05-27 11:24:17,971] {code.py:85} INFO - 08-25-2020
[2021-05-27 11:24:18,734] {code.py:85} INFO - 08-26-2020
[2021-05-27 11:24:19,476] {code.py:85} INFO - 08-27-2020
[2021-05-27 11:24:20,249] {code.py:85} INFO - 08-28-2020
[2021-05-27 11:24:21,111] {code.py:85} INFO - 08-29-2020
[2021-05-27 11:24:21,916] {code.py:85} INFO - 08-30-2020
[2021-05-27 11:24:22,805] {code.py:85} INFO - 08-31-2020
[2021-05-27 11:24:24,036] {code.py:85} INFO - 09-01-2020
[2021-05-27 11:24:25,207] {code.py:85} INFO - 09-02-2020
[2021-05-27 11:24:26,142] {code.py:85} INFO - 09-03-2020
[2021-05-27 11:24:27,189] {code.py:85} INFO - 09-04-2020
[2021-05-27 11:24:28,197] {code.py:85} INFO - 09-05-2020
[2021-05-27 11:24:31,454] {code.py:85} INFO - 09-06-2020
[2021-05-27 11:24:32,114] {code.py:85} INFO - 09-07-2020
[2021-05-27 11:24:32,906] {code.py:85} INFO - 09-08-2020
[2021-05-27 11:24:33,574] {code.py:85} INFO - 09-09-2020
[2021-05-27 11:24:34,229] {code.py:85} INFO - 09-10-2020
[2021-05-27 11:24:34,991] {code.py:85} INFO - 09-11-2020
[2021-05-27 11:24:35,876] {code.py:85} INFO - 09-12-2020
[2021-05-27 11:24:37,250] {code.py:85} INFO - 09-13-2020
[2021-05-27 11:24:38,241] {code.py:85} INFO - 09-14-2020
[2021-05-27 11:24:38,994] {code.py:85} INFO - 09-15-2020
[2021-05-27 11:24:39,834] {code.py:85} INFO - 09-16-2020
[2021-05-27 11:24:40,687] {code.py:85} INFO - 09-17-2020
[2021-05-27 11:24:41,807] {code.py:85} INFO - 09-18-2020
[2021-05-27 11:24:42,530] {code.py:85} INFO - 09-19-2020
[2021-05-27 11:24:43,496] {code.py:85} INFO - 09-20-2020
[2021-05-27 11:24:44,092] {code.py:85} INFO - 09-21-2020
[2021-05-27 11:24:44,815] {code.py:85} INFO - 09-22-2020
[2021-05-27 11:24:45,787] {code.py:85} INFO - 09-23-2020
[2021-05-27 11:24:48,194] {code.py:85} INFO - 09-24-2020
[2021-05-27 11:24:50,194] {code.py:85} INFO - 09-25-2020
[2021-05-27 11:24:50,877] {code.py:85} INFO - 09-26-2020
[2021-05-27 11:24:51,679] {code.py:85} INFO - 09-27-2020
[2021-05-27 11:24:52,696] {code.py:85} INFO - 09-28-2020
[2021-05-27 11:24:53,542] {code.py:85} INFO - 09-29-2020
[2021-05-27 11:24:54,408] {code.py:85} INFO - 09-30-2020
[2021-05-27 11:24:55,178] {code.py:85} INFO - 09-31-2020
[2021-05-27 11:24:55,777] {code.py:85} INFO - 10-01-2020
[2021-05-27 11:24:56,644] {code.py:85} INFO - 10-02-2020
[2021-05-27 11:24:57,457] {code.py:85} INFO - 10-03-2020
[2021-05-27 11:24:58,421] {code.py:85} INFO - 10-04-2020
[2021-05-27 11:24:59,418] {code.py:85} INFO - 10-05-2020
[2021-05-27 11:25:00,152] {code.py:85} INFO - 10-06-2020
[2021-05-27 11:25:00,853] {code.py:85} INFO - 10-07-2020
[2021-05-27 11:25:01,640] {code.py:85} INFO - 10-08-2020
[2021-05-27 11:25:02,824] {code.py:85} INFO - 10-09-2020
[2021-05-27 11:25:03,818] {code.py:85} INFO - 10-10-2020
[2021-05-27 11:25:04,588] {code.py:85} INFO - 10-11-2020
[2021-05-27 11:25:05,264] {code.py:85} INFO - 10-12-2020
[2021-05-27 11:25:06,155] {code.py:85} INFO - 10-13-2020
[2021-05-27 11:25:07,572] {code.py:85} INFO - 10-14-2020
[2021-05-27 11:25:08,476] {code.py:85} INFO - 10-15-2020
[2021-05-27 11:25:09,771] {code.py:85} INFO - 10-16-2020
[2021-05-27 11:25:10,676] {code.py:85} INFO - 10-17-2020
[2021-05-27 11:25:11,350] {code.py:85} INFO - 10-18-2020
[2021-05-27 11:25:11,990] {code.py:85} INFO - 10-19-2020
[2021-05-27 11:25:13,243] {code.py:85} INFO - 10-20-2020
[2021-05-27 11:25:13,899] {code.py:85} INFO - 10-21-2020
[2021-05-27 11:25:14,630] {code.py:85} INFO - 10-22-2020
[2021-05-27 11:25:15,261] {code.py:85} INFO - 10-23-2020
[2021-05-27 11:25:15,982] {code.py:85} INFO - 10-24-2020
[2021-05-27 11:25:16,597] {code.py:85} INFO - 10-25-2020
[2021-05-27 11:25:17,318] {code.py:85} INFO - 10-26-2020
[2021-05-27 11:25:18,092] {code.py:85} INFO - 10-27-2020
[2021-05-27 11:25:19,640] {code.py:85} INFO - 10-28-2020
[2021-05-27 11:25:20,884] {code.py:85} INFO - 10-29-2020
[2021-05-27 11:25:22,311] {code.py:85} INFO - 10-30-2020
[2021-05-27 11:25:23,343] {code.py:85} INFO - 10-31-2020
[2021-05-27 11:25:24,267] {code.py:85} INFO - 11-01-2020
[2021-05-27 11:25:25,154] {code.py:85} INFO - 11-02-2020
[2021-05-27 11:25:25,868] {code.py:85} INFO - 11-03-2020
[2021-05-27 11:25:26,586] {code.py:85} INFO - 11-04-2020
[2021-05-27 11:25:27,340] {code.py:85} INFO - 11-05-2020
[2021-05-27 11:25:28,369] {code.py:85} INFO - 11-06-2020
[2021-05-27 11:25:30,109] {code.py:85} INFO - 11-07-2020
[2021-05-27 11:25:30,942] {code.py:85} INFO - 11-08-2020
[2021-05-27 11:25:31,790] {code.py:85} INFO - 11-09-2020
[2021-05-27 11:25:32,686] {code.py:85} INFO - 11-10-2020
[2021-05-27 11:25:33,634] {code.py:85} INFO - 11-11-2020
[2021-05-27 11:25:34,532] {code.py:85} INFO - 11-12-2020
[2021-05-27 11:25:35,473] {code.py:85} INFO - 11-13-2020
[2021-05-27 11:25:36,404] {code.py:85} INFO - 11-14-2020
[2021-05-27 11:25:37,434] {code.py:85} INFO - 11-15-2020
[2021-05-27 11:25:38,152] {code.py:85} INFO - 11-16-2020
[2021-05-27 11:25:39,034] {code.py:85} INFO - 11-17-2020
[2021-05-27 11:25:40,606] {code.py:85} INFO - 11-18-2020
[2021-05-27 11:25:41,916] {code.py:85} INFO - 11-19-2020
[2021-05-27 11:25:42,844] {code.py:85} INFO - 11-20-2020
[2021-05-27 11:25:43,892] {code.py:85} INFO - 11-21-2020
[2021-05-27 11:25:44,659] {code.py:85} INFO - 11-22-2020
[2021-05-27 11:25:45,460] {code.py:85} INFO - 11-23-2020
[2021-05-27 11:25:46,302] {code.py:85} INFO - 11-24-2020
[2021-05-27 11:25:47,404] {code.py:85} INFO - 11-25-2020
[2021-05-27 11:25:48,188] {code.py:85} INFO - 11-26-2020
[2021-05-27 11:25:48,889] {code.py:85} INFO - 11-27-2020
[2021-05-27 11:25:49,801] {code.py:85} INFO - 11-28-2020
[2021-05-27 11:25:50,715] {code.py:85} INFO - 11-29-2020
[2021-05-27 11:25:51,549] {code.py:85} INFO - 11-30-2020
[2021-05-27 11:25:52,733] {code.py:85} INFO - 11-31-2020
[2021-05-27 11:25:53,348] {code.py:85} INFO - 12-01-2020
[2021-05-27 11:25:54,200] {code.py:85} INFO - 12-02-2020
[2021-05-27 11:25:55,578] {code.py:85} INFO - 12-03-2020
[2021-05-27 11:25:56,560] {code.py:85} INFO - 12-04-2020
[2021-05-27 11:25:57,437] {code.py:85} INFO - 12-05-2020
[2021-05-27 11:25:58,197] {code.py:85} INFO - 12-06-2020
[2021-05-27 11:25:59,118] {code.py:85} INFO - 12-07-2020
[2021-05-27 11:26:00,024] {code.py:85} INFO - 12-08-2020
[2021-05-27 11:26:00,796] {code.py:85} INFO - 12-09-2020
[2021-05-27 11:26:01,835] {code.py:85} INFO - 12-10-2020
[2021-05-27 11:26:02,837] {code.py:85} INFO - 12-11-2020
[2021-05-27 11:26:03,804] {code.py:85} INFO - 12-12-2020
[2021-05-27 11:26:04,573] {code.py:85} INFO - 12-13-2020
[2021-05-27 11:26:05,628] {code.py:85} INFO - 12-14-2020
[2021-05-27 11:26:06,459] {code.py:85} INFO - 12-15-2020
[2021-05-27 11:26:07,440] {code.py:85} INFO - 12-16-2020
[2021-05-27 11:26:08,457] {code.py:85} INFO - 12-17-2020
[2021-05-27 11:26:09,209] {code.py:85} INFO - 12-18-2020
[2021-05-27 11:26:10,209] {code.py:85} INFO - 12-19-2020
[2021-05-27 11:26:11,286] {code.py:85} INFO - 12-20-2020
[2021-05-27 11:26:12,069] {code.py:85} INFO - 12-21-2020
[2021-05-27 11:26:13,332] {code.py:85} INFO - 12-22-2020
[2021-05-27 11:26:14,699] {code.py:85} INFO - 12-23-2020
[2021-05-27 11:26:15,586] {code.py:85} INFO - 12-24-2020
[2021-05-27 11:26:16,681] {code.py:85} INFO - 12-25-2020
[2021-05-27 11:26:17,683] {code.py:85} INFO - 12-26-2020
[2021-05-27 11:26:18,494] {code.py:85} INFO - 12-27-2020
[2021-05-27 11:26:19,436] {code.py:85} INFO - 12-28-2020
[2021-05-27 11:26:20,175] {code.py:85} INFO - 12-29-2020
[2021-05-27 11:26:21,323] {code.py:85} INFO - 12-30-2020
[2021-05-27 11:26:22,494] {code.py:85} INFO - 12-31-2020
[2021-05-27 11:26:23,782] {code.py:85} INFO - 01-01-2021
[2021-05-27 11:26:25,875] {code.py:85} INFO - 01-02-2021
[2021-05-27 11:26:26,892] {code.py:85} INFO - 01-03-2021
[2021-05-27 11:26:27,899] {code.py:85} INFO - 01-04-2021
[2021-05-27 11:26:28,839] {code.py:85} INFO - 01-05-2021
[2021-05-27 11:26:29,578] {code.py:85} INFO - 01-06-2021
[2021-05-27 11:26:30,575] {code.py:85} INFO - 01-07-2021
[2021-05-27 11:26:31,592] {code.py:85} INFO - 01-08-2021
[2021-05-27 11:26:32,639] {code.py:85} INFO - 01-09-2021
[2021-05-27 11:26:33,673] {code.py:85} INFO - 01-10-2021
[2021-05-27 11:26:34,634] {code.py:85} INFO - 01-11-2021
[2021-05-27 11:26:35,359] {code.py:85} INFO - 01-12-2021
[2021-05-27 11:26:36,152] {code.py:85} INFO - 01-13-2021
[2021-05-27 11:26:37,123] {code.py:85} INFO - 01-14-2021
[2021-05-27 11:26:37,850] {code.py:85} INFO - 01-15-2021
[2021-05-27 11:26:38,789] {code.py:85} INFO - 01-16-2021
[2021-05-27 11:26:39,799] {code.py:85} INFO - 01-17-2021
[2021-05-27 11:26:40,842] {code.py:85} INFO - 01-18-2021
[2021-05-27 11:26:41,718] {code.py:85} INFO - 01-19-2021
[2021-05-27 11:26:42,773] {code.py:85} INFO - 01-20-2021
[2021-05-27 11:26:43,806] {code.py:85} INFO - 01-21-2021
[2021-05-27 11:26:44,505] {code.py:85} INFO - 01-22-2021
[2021-05-27 11:26:45,847] {code.py:85} INFO - 01-23-2021
[2021-05-27 11:26:47,071] {code.py:85} INFO - 01-24-2021
[2021-05-27 11:26:47,856] {code.py:85} INFO - 01-25-2021
[2021-05-27 11:26:48,639] {code.py:85} INFO - 01-26-2021
[2021-05-27 11:26:49,267] {code.py:85} INFO - 01-27-2021
[2021-05-27 11:26:50,052] {code.py:85} INFO - 01-28-2021
[2021-05-27 11:26:50,763] {code.py:85} INFO - 01-29-2021
[2021-05-27 11:26:51,907] {code.py:85} INFO - 01-30-2021
[2021-05-27 11:26:52,844] {code.py:85} INFO - 01-31-2021
[2021-05-27 11:26:53,743] {code.py:85} INFO - 02-01-2021
[2021-05-27 11:26:54,442] {code.py:85} INFO - 02-02-2021
[2021-05-27 11:26:55,904] {code.py:85} INFO - 02-03-2021
[2021-05-27 11:26:56,964] {code.py:85} INFO - 02-04-2021
[2021-05-27 11:26:57,929] {code.py:85} INFO - 02-05-2021
[2021-05-27 11:26:58,973] {code.py:85} INFO - 02-06-2021
[2021-05-27 11:26:59,972] {code.py:85} INFO - 02-07-2021
[2021-05-27 11:27:00,891] {code.py:85} INFO - 02-08-2021
[2021-05-27 11:27:01,734] {code.py:85} INFO - 02-09-2021
[2021-05-27 11:27:02,729] {code.py:85} INFO - 02-10-2021
[2021-05-27 11:27:03,667] {code.py:85} INFO - 02-11-2021
[2021-05-27 11:27:04,619] {code.py:85} INFO - 02-12-2021
[2021-05-27 11:27:05,668] {code.py:85} INFO - 02-13-2021
[2021-05-27 11:27:06,491] {code.py:85} INFO - 02-14-2021
[2021-05-27 11:27:08,499] {code.py:85} INFO - 02-15-2021
[2021-05-27 11:27:09,152] {code.py:85} INFO - 02-16-2021
[2021-05-27 11:27:09,870] {code.py:85} INFO - 02-17-2021
[2021-05-27 11:27:10,606] {code.py:85} INFO - 02-18-2021
[2021-05-27 11:27:11,376] {code.py:85} INFO - 02-19-2021
[2021-05-27 11:27:12,336] {code.py:85} INFO - 02-20-2021
[2021-05-27 11:27:13,042] {code.py:85} INFO - 02-21-2021
[2021-05-27 11:27:13,741] {code.py:85} INFO - 02-22-2021
[2021-05-27 11:27:14,448] {code.py:85} INFO - 02-23-2021
[2021-05-27 11:27:15,136] {code.py:85} INFO - 02-24-2021
[2021-05-27 11:27:16,760] {code.py:85} INFO - 02-25-2021
[2021-05-27 11:27:17,709] {code.py:85} INFO - 02-26-2021
[2021-05-27 11:27:18,496] {code.py:85} INFO - 02-27-2021
[2021-05-27 11:27:19,257] {code.py:85} INFO - 02-28-2021
[2021-05-27 11:27:20,209] {code.py:85} INFO - 02-29-2021
[2021-05-27 11:27:20,705] {code.py:85} INFO - 02-30-2021
[2021-05-27 11:27:21,230] {code.py:85} INFO - 02-31-2021
[2021-05-27 11:27:21,800] {code.py:85} INFO - 03-01-2021
[2021-05-27 11:27:22,848] {code.py:85} INFO - 03-02-2021
[2021-05-27 11:27:23,702] {code.py:85} INFO - 03-03-2021
[2021-05-27 11:27:24,647] {code.py:85} INFO - 03-04-2021
[2021-05-27 11:27:25,350] {code.py:85} INFO - 03-05-2021
[2021-05-27 11:27:26,410] {code.py:85} INFO - 03-06-2021
[2021-05-27 11:27:27,273] {code.py:85} INFO - 03-07-2021
[2021-05-27 11:27:27,990] {code.py:85} INFO - 03-08-2021
[2021-05-27 11:27:28,950] {code.py:85} INFO - 03-09-2021
[2021-05-27 11:27:29,984] {code.py:85} INFO - 03-10-2021
[2021-05-27 11:27:30,872] {code.py:85} INFO - 03-11-2021
[2021-05-27 11:27:31,794] {code.py:85} INFO - 03-12-2021
[2021-05-27 11:27:32,727] {code.py:85} INFO - 03-13-2021
[2021-05-27 11:27:33,750] {code.py:85} INFO - 03-14-2021
[2021-05-27 11:27:34,790] {code.py:85} INFO - 03-15-2021
[2021-05-27 11:27:35,563] {code.py:85} INFO - 03-16-2021
[2021-05-27 11:27:36,288] {code.py:85} INFO - 03-17-2021
[2021-05-27 11:27:36,986] {code.py:85} INFO - 03-18-2021
[2021-05-27 11:27:37,938] {code.py:85} INFO - 03-19-2021
[2021-05-27 11:27:38,888] {code.py:85} INFO - 03-20-2021
[2021-05-27 11:27:39,563] {code.py:85} INFO - 03-21-2021
[2021-05-27 11:27:40,339] {code.py:85} INFO - 03-22-2021
[2021-05-27 11:27:40,989] {code.py:85} INFO - 03-23-2021
[2021-05-27 11:27:41,811] {code.py:85} INFO - 03-24-2021
[2021-05-27 11:27:42,835] {code.py:85} INFO - 03-25-2021
[2021-05-27 11:27:43,765] {code.py:85} INFO - 03-26-2021
[2021-05-27 11:27:44,817] {code.py:85} INFO - 03-27-2021
[2021-05-27 11:27:45,708] {code.py:85} INFO - 03-28-2021
[2021-05-27 11:27:46,582] {code.py:85} INFO - 03-29-2021
[2021-05-27 11:27:47,571] {code.py:85} INFO - 03-30-2021
[2021-05-27 11:27:48,276] {code.py:85} INFO - 03-31-2021
[2021-05-27 11:27:49,600] {code.py:85} INFO - 04-01-2021
[2021-05-27 11:27:50,436] {code.py:85} INFO - 04-02-2021
[2021-05-27 11:27:51,720] {code.py:85} INFO - 04-03-2021
[2021-05-27 11:27:52,590] {code.py:85} INFO - 04-04-2021
[2021-05-27 11:27:53,949] {code.py:85} INFO - 04-05-2021
[2021-05-27 11:27:54,826] {code.py:85} INFO - 04-06-2021
[2021-05-27 11:27:55,489] {code.py:85} INFO - 04-07-2021
[2021-05-27 11:27:56,164] {code.py:85} INFO - 04-08-2021
[2021-05-27 11:27:56,954] {code.py:85} INFO - 04-09-2021
[2021-05-27 11:27:58,573] {code.py:85} INFO - 04-10-2021
[2021-05-27 11:27:59,951] {code.py:85} INFO - 04-11-2021
[2021-05-27 11:28:01,374] {code.py:85} INFO - 04-12-2021
[2021-05-27 11:28:02,559] {code.py:85} INFO - 04-13-2021
[2021-05-27 11:28:03,232] {code.py:85} INFO - 04-14-2021
[2021-05-27 11:28:03,965] {code.py:85} INFO - 04-15-2021
[2021-05-27 11:28:04,733] {code.py:85} INFO - 04-16-2021
[2021-05-27 11:28:05,505] {code.py:85} INFO - 04-17-2021
[2021-05-27 11:28:06,402] {code.py:85} INFO - 04-18-2021
[2021-05-27 11:28:07,139] {code.py:85} INFO - 04-19-2021
[2021-05-27 11:28:07,841] {code.py:85} INFO - 04-20-2021
[2021-05-27 11:28:08,757] {code.py:85} INFO - 04-21-2021
[2021-05-27 11:28:09,695] {code.py:85} INFO - 04-22-2021
[2021-05-27 11:28:10,725] {code.py:85} INFO - 04-23-2021
[2021-05-27 11:28:11,366] {code.py:85} INFO - 04-24-2021
[2021-05-27 11:28:12,285] {code.py:85} INFO - 04-25-2021
[2021-05-27 11:28:13,124] {code.py:85} INFO - 04-26-2021
[2021-05-27 11:28:14,095] {code.py:85} INFO - 04-27-2021
[2021-05-27 11:28:15,131] {code.py:85} INFO - 04-28-2021
[2021-05-27 11:28:16,183] {code.py:85} INFO - 04-29-2021
[2021-05-27 11:28:17,024] {code.py:85} INFO - 04-30-2021
[2021-05-27 11:28:17,806] {code.py:85} INFO - 04-31-2021
[2021-05-27 11:28:18,390] {code.py:85} INFO - 05-01-2021
[2021-05-27 11:28:19,083] {code.py:85} INFO - 05-02-2021
[2021-05-27 11:28:19,799] {code.py:85} INFO - 05-03-2021
[2021-05-27 11:28:20,467] {code.py:85} INFO - 05-04-2021
[2021-05-27 11:28:21,222] {code.py:85} INFO - 05-05-2021
[2021-05-27 11:28:22,570] {code.py:85} INFO - 05-06-2021
[2021-05-27 11:28:23,910] {code.py:85} INFO - 05-07-2021
[2021-05-27 11:28:24,985] {code.py:85} INFO - 05-08-2021
[2021-05-27 11:28:25,919] {code.py:85} INFO - 05-09-2021
[2021-05-27 11:28:26,923] {code.py:85} INFO - 05-10-2021
[2021-05-27 11:28:27,764] {code.py:85} INFO - 05-11-2021
[2021-05-27 11:28:28,465] {code.py:85} INFO - 05-12-2021
[2021-05-27 11:28:29,185] {code.py:85} INFO - 05-13-2021
[2021-05-27 11:28:29,833] {code.py:85} INFO - 05-14-2021
[2021-05-27 11:28:30,537] {code.py:85} INFO - 05-15-2021
[2021-05-27 11:28:31,492] {code.py:85} INFO - 05-16-2021
[2021-05-27 11:28:32,934] {code.py:85} INFO - 05-17-2021
[2021-05-27 11:28:33,980] {code.py:85} INFO - 05-18-2021
[2021-05-27 11:28:34,868] {code.py:85} INFO - 05-19-2021
[2021-05-27 11:28:36,061] {code.py:85} INFO - 05-20-2021
[2021-05-27 11:28:36,869] {code.py:85} INFO - 05-21-2021
[2021-05-27 11:28:37,845] {code.py:85} INFO - 05-22-2021
[2021-05-27 11:28:38,769] {code.py:85} INFO - 05-23-2021
[2021-05-27 11:28:39,700] {code.py:85} INFO - 05-24-2021
[2021-05-27 11:28:40,599] {code.py:85} INFO - 05-25-2021
[2021-05-27 11:28:41,437] {code.py:85} INFO - 05-26-2021
[2021-05-27 11:28:42,215] {code.py:85} INFO - 05-27-2021
[2021-05-27 11:28:42,698] {code.py:85} INFO - 05-28-2021
[2021-05-27 11:28:43,210] {code.py:85} INFO - 05-29-2021
[2021-05-27 11:28:43,723] {code.py:85} INFO - 05-30-2021
[2021-05-27 11:28:44,235] {code.py:85} INFO - 05-31-2021
[2021-05-27 11:28:44,747] {code.py:85} INFO - 06-01-2021
[2021-05-27 11:28:45,259] {code.py:85} INFO - 06-02-2021
[2021-05-27 11:28:45,771] {code.py:85} INFO - 06-03-2021
[2021-05-27 11:28:46,241] {code.py:85} INFO - 06-04-2021
[2021-05-27 11:28:46,794] {code.py:85} INFO - 06-05-2021
[2021-05-27 11:28:47,307] {code.py:85} INFO - 06-06-2021
[2021-05-27 11:28:47,922] {code.py:85} INFO - 06-07-2021
[2021-05-27 11:28:48,433] {code.py:85} INFO - 06-08-2021
[2021-05-27 11:28:49,046] {code.py:85} INFO - 06-09-2021
[2021-05-27 11:28:49,562] {code.py:85} INFO - 06-10-2021
[2021-05-27 11:28:50,028] {code.py:85} INFO - 06-11-2021
[2021-05-27 11:28:50,502] {code.py:85} INFO - 06-12-2021
[2021-05-27 11:28:50,958] {code.py:85} INFO - 06-13-2021
[2021-05-27 11:28:51,450] {code.py:85} INFO - 06-14-2021
[2021-05-27 11:28:52,020] {code.py:85} INFO - 06-15-2021
[2021-05-27 11:28:52,530] {code.py:85} INFO - 06-16-2021
[2021-05-27 11:28:53,040] {code.py:85} INFO - 06-17-2021
[2021-05-27 11:28:53,555] {code.py:85} INFO - 06-18-2021
[2021-05-27 11:28:54,031] {code.py:85} INFO - 06-19-2021
[2021-05-27 11:28:54,752] {code.py:85} INFO - 06-20-2021
[2021-05-27 11:28:55,264] {code.py:85} INFO - 06-21-2021
[2021-05-27 11:28:55,980] {code.py:85} INFO - 06-22-2021
[2021-05-27 11:28:56,525] {code.py:85} INFO - 06-23-2021
[2021-05-27 11:28:57,043] {code.py:85} INFO - 06-24-2021
[2021-05-27 11:28:57,589] {code.py:85} INFO - 06-25-2021
[2021-05-27 11:28:58,087] {code.py:85} INFO - 06-26-2021
[2021-05-27 11:28:58,578] {code.py:85} INFO - 06-27-2021
[2021-05-27 11:28:59,090] {code.py:85} INFO - 06-28-2021
[2021-05-27 11:28:59,573] {code.py:85} INFO - 06-29-2021
[2021-05-27 11:29:00,107] {code.py:85} INFO - 06-30-2021
[2021-05-27 11:29:00,657] {code.py:85} INFO - 06-31-2021
[2021-05-27 11:29:01,238] {code.py:85} INFO - 07-01-2021
[2021-05-27 11:29:01,850] {code.py:85} INFO - 07-02-2021
[2021-05-27 11:29:02,338] {code.py:85} INFO - 07-03-2021
[2021-05-27 11:29:03,189] {code.py:85} INFO - 07-04-2021
[2021-05-27 11:29:03,815] {code.py:85} INFO - 07-05-2021
[2021-05-27 11:29:04,309] {code.py:85} INFO - 07-06-2021
[2021-05-27 11:29:04,919] {code.py:85} INFO - 07-07-2021
[2021-05-27 11:29:05,432] {code.py:85} INFO - 07-08-2021
[2021-05-27 11:29:06,047] {code.py:85} INFO - 07-09-2021
[2021-05-27 11:29:06,665] {code.py:85} INFO - 07-10-2021
[2021-05-27 11:29:07,236] {code.py:85} INFO - 07-11-2021
[2021-05-27 11:29:07,788] {code.py:85} INFO - 07-12-2021
[2021-05-27 11:29:08,400] {code.py:85} INFO - 07-13-2021
[2021-05-27 11:29:08,914] {code.py:85} INFO - 07-14-2021
[2021-05-27 11:29:09,528] {code.py:85} INFO - 07-15-2021
[2021-05-27 11:29:10,142] {code.py:85} INFO - 07-16-2021
[2021-05-27 11:29:10,755] {code.py:85} INFO - 07-17-2021
[2021-05-27 11:29:11,472] {code.py:85} INFO - 07-18-2021
[2021-05-27 11:29:12,090] {code.py:85} INFO - 07-19-2021
[2021-05-27 11:29:12,703] {code.py:85} INFO - 07-20-2021
[2021-05-27 11:29:13,316] {code.py:85} INFO - 07-21-2021
[2021-05-27 11:29:13,801] {code.py:85} INFO - 07-22-2021
[2021-05-27 11:29:14,339] {code.py:85} INFO - 07-23-2021
[2021-05-27 11:29:14,954] {code.py:85} INFO - 07-24-2021
[2021-05-27 11:29:15,466] {code.py:85} INFO - 07-25-2021
[2021-05-27 11:29:15,979] {code.py:85} INFO - 07-26-2021
[2021-05-27 11:29:16,492] {code.py:85} INFO - 07-27-2021
[2021-05-27 11:29:17,004] {code.py:85} INFO - 07-28-2021
[2021-05-27 11:29:17,617] {code.py:85} INFO - 07-29-2021
[2021-05-27 11:29:18,231] {code.py:85} INFO - 07-30-2021
[2021-05-27 11:29:18,758] {code.py:85} INFO - 07-31-2021
[2021-05-27 11:29:19,242] {code.py:85} INFO - 08-01-2021
[2021-05-27 11:29:19,769] {code.py:85} INFO - 08-02-2021
[2021-05-27 11:29:20,375] {code.py:85} INFO - 08-03-2021
[2021-05-27 11:29:20,947] {code.py:85} INFO - 08-04-2021
[2021-05-27 11:29:21,468] {code.py:85} INFO - 08-05-2021
[2021-05-27 11:29:21,984] {code.py:85} INFO - 08-06-2021
[2021-05-27 11:29:22,498] {code.py:85} INFO - 08-07-2021
[2021-05-27 11:29:23,065] {code.py:85} INFO - 08-08-2021
[2021-05-27 11:29:23,586] {code.py:85} INFO - 08-09-2021
[2021-05-27 11:29:24,086] {code.py:85} INFO - 08-10-2021
[2021-05-27 11:29:24,613] {code.py:85} INFO - 08-11-2021
[2021-05-27 11:29:25,168] {code.py:85} INFO - 08-12-2021
[2021-05-27 11:29:25,707] {code.py:85} INFO - 08-13-2021
[2021-05-27 11:29:26,222] {code.py:85} INFO - 08-14-2021
[2021-05-27 11:29:26,731] {code.py:85} INFO - 08-15-2021
[2021-05-27 11:29:27,242] {code.py:85} INFO - 08-16-2021
[2021-05-27 11:29:27,738] {code.py:85} INFO - 08-17-2021
[2021-05-27 11:29:28,471] {code.py:85} INFO - 08-18-2021
[2021-05-27 11:29:28,958] {code.py:85} INFO - 08-19-2021
[2021-05-27 11:29:29,468] {code.py:85} INFO - 08-20-2021
[2021-05-27 11:29:30,009] {code.py:85} INFO - 08-21-2021
[2021-05-27 11:29:30,524] {code.py:85} INFO - 08-22-2021
[2021-05-27 11:29:31,021] {code.py:85} INFO - 08-23-2021
[2021-05-27 11:29:31,544] {code.py:85} INFO - 08-24-2021
[2021-05-27 11:29:32,161] {code.py:85} INFO - 08-25-2021
[2021-05-27 11:29:32,685] {code.py:85} INFO - 08-26-2021
[2021-05-27 11:29:33,289] {code.py:85} INFO - 08-27-2021
[2021-05-27 11:29:34,115] {code.py:85} INFO - 08-28-2021
[2021-05-27 11:29:34,719] {code.py:85} INFO - 08-29-2021
[2021-05-27 11:29:35,334] {code.py:85} INFO - 08-30-2021
[2021-05-27 11:29:35,847] {code.py:85} INFO - 08-31-2021
[2021-05-27 11:29:36,358] {code.py:85} INFO - 09-01-2021
[2021-05-27 11:29:36,970] {code.py:85} INFO - 09-02-2021
[2021-05-27 11:29:37,591] {code.py:85} INFO - 09-03-2021
[2021-05-27 11:29:38,201] {code.py:85} INFO - 09-04-2021
[2021-05-27 11:29:38,815] {code.py:85} INFO - 09-05-2021
[2021-05-27 11:29:39,328] {code.py:85} INFO - 09-06-2021
[2021-05-27 11:29:39,940] {code.py:85} INFO - 09-07-2021
[2021-05-27 11:29:40,558] {code.py:85} INFO - 09-08-2021
[2021-05-27 11:29:41,171] {code.py:85} INFO - 09-09-2021
[2021-05-27 11:29:41,784] {code.py:85} INFO - 09-10-2021
[2021-05-27 11:29:42,295] {code.py:85} INFO - 09-11-2021
[2021-05-27 11:29:42,811] {code.py:85} INFO - 09-12-2021
[2021-05-27 11:29:43,319] {code.py:85} INFO - 09-13-2021
[2021-05-27 11:29:43,934] {code.py:85} INFO - 09-14-2021
[2021-05-27 11:29:44,550] {code.py:85} INFO - 09-15-2021
[2021-05-27 11:29:45,062] {code.py:85} INFO - 09-16-2021
[2021-05-27 11:29:45,556] {code.py:85} INFO - 09-17-2021
[2021-05-27 11:29:46,153] {code.py:85} INFO - 09-18-2021
[2021-05-27 11:29:46,682] {code.py:85} INFO - 09-19-2021
[2021-05-27 11:29:47,204] {code.py:85} INFO - 09-20-2021
[2021-05-27 11:29:47,724] {code.py:85} INFO - 09-21-2021
[2021-05-27 11:29:48,236] {code.py:85} INFO - 09-22-2021
[2021-05-27 11:29:48,750] {code.py:85} INFO - 09-23-2021
[2021-05-27 11:29:49,260] {code.py:85} INFO - 09-24-2021
[2021-05-27 11:29:49,753] {code.py:85} INFO - 09-25-2021
[2021-05-27 11:29:50,233] {code.py:85} INFO - 09-26-2021
[2021-05-27 11:29:50,730] {code.py:85} INFO - 09-27-2021
[2021-05-27 11:29:51,242] {code.py:85} INFO - 09-28-2021
[2021-05-27 11:29:51,747] {code.py:85} INFO - 09-29-2021
[2021-05-27 11:29:52,287] {code.py:85} INFO - 09-30-2021
[2021-05-27 11:29:52,839] {code.py:85} INFO - 09-31-2021
[2021-05-27 11:29:53,355] {code.py:85} INFO - 10-01-2021
[2021-05-27 11:29:53,971] {code.py:85} INFO - 10-02-2021
[2021-05-27 11:29:54,481] {code.py:85} INFO - 10-03-2021
[2021-05-27 11:29:55,000] {code.py:85} INFO - 10-04-2021
[2021-05-27 11:29:55,495] {code.py:85} INFO - 10-05-2021
[2021-05-27 11:29:56,049] {code.py:85} INFO - 10-06-2021
[2021-05-27 11:29:56,600] {code.py:85} INFO - 10-07-2021
[2021-05-27 11:29:57,144] {code.py:85} INFO - 10-08-2021
[2021-05-27 11:29:57,759] {code.py:85} INFO - 10-09-2021
[2021-05-27 11:29:58,254] {code.py:85} INFO - 10-10-2021
[2021-05-27 11:29:58,747] {code.py:85} INFO - 10-11-2021
[2021-05-27 11:29:59,297] {code.py:85} INFO - 10-12-2021
[2021-05-27 11:29:59,845] {code.py:85} INFO - 10-13-2021
[2021-05-27 11:30:00,556] {code.py:85} INFO - 10-14-2021
[2021-05-27 11:30:01,270] {code.py:85} INFO - 10-15-2021
[2021-05-27 11:30:01,856] {code.py:85} INFO - 10-16-2021
[2021-05-27 11:30:02,470] {code.py:85} INFO - 10-17-2021
[2021-05-27 11:30:02,982] {code.py:85} INFO - 10-18-2021
[2021-05-27 11:30:03,595] {code.py:85} INFO - 10-19-2021
[2021-05-27 11:30:04,107] {code.py:85} INFO - 10-20-2021
[2021-05-27 11:30:04,723] {code.py:85} INFO - 10-21-2021
[2021-05-27 11:30:05,477] {code.py:85} INFO - 10-22-2021
[2021-05-27 11:30:06,052] {code.py:85} INFO - 10-23-2021
[2021-05-27 11:30:06,872] {code.py:85} INFO - 10-24-2021
[2021-05-27 11:30:07,387] {code.py:85} INFO - 10-25-2021
[2021-05-27 11:30:07,896] {code.py:85} INFO - 10-26-2021
[2021-05-27 11:30:08,407] {code.py:85} INFO - 10-27-2021
[2021-05-27 11:30:08,921] {code.py:85} INFO - 10-28-2021
[2021-05-27 11:30:09,535] {code.py:85} INFO - 10-29-2021
[2021-05-27 11:30:10,048] {code.py:85} INFO - 10-30-2021
[2021-05-27 11:30:10,559] {code.py:85} INFO - 10-31-2021
[2021-05-27 11:30:11,072] {code.py:85} INFO - 11-01-2021
[2021-05-27 11:30:11,582] {code.py:85} INFO - 11-02-2021
[2021-05-27 11:30:12,069] {code.py:85} INFO - 11-03-2021
[2021-05-27 11:30:12,546] {code.py:85} INFO - 11-04-2021
[2021-05-27 11:30:13,095] {code.py:85} INFO - 11-05-2021
[2021-05-27 11:30:13,632] {code.py:85} INFO - 11-06-2021
[2021-05-27 11:30:14,123] {code.py:85} INFO - 11-07-2021
[2021-05-27 11:30:14,654] {code.py:85} INFO - 11-08-2021
[2021-05-27 11:30:15,136] {code.py:85} INFO - 11-09-2021
[2021-05-27 11:30:15,598] {code.py:85} INFO - 11-10-2021
[2021-05-27 11:30:16,127] {code.py:85} INFO - 11-11-2021
[2021-05-27 11:30:16,649] {code.py:85} INFO - 11-12-2021
[2021-05-27 11:30:17,203] {code.py:85} INFO - 11-13-2021
[2021-05-27 11:30:17,726] {code.py:85} INFO - 11-14-2021
[2021-05-27 11:30:18,202] {code.py:85} INFO - 11-15-2021
[2021-05-27 11:30:18,666] {code.py:85} INFO - 11-16-2021
[2021-05-27 11:30:19,140] {code.py:85} INFO - 11-17-2021
[2021-05-27 11:30:19,600] {code.py:85} INFO - 11-18-2021
[2021-05-27 11:30:20,101] {code.py:85} INFO - 11-19-2021
[2021-05-27 11:30:20,711] {code.py:85} INFO - 11-20-2021
[2021-05-27 11:30:21,254] {code.py:85} INFO - 11-21-2021
[2021-05-27 11:30:21,824] {code.py:85} INFO - 11-22-2021
[2021-05-27 11:30:22,335] {code.py:85} INFO - 11-23-2021
[2021-05-27 11:30:22,849] {code.py:85} INFO - 11-24-2021
[2021-05-27 11:30:23,330] {code.py:85} INFO - 11-25-2021
[2021-05-27 11:30:23,799] {code.py:85} INFO - 11-26-2021
[2021-05-27 11:30:24,279] {code.py:85} INFO - 11-27-2021
[2021-05-27 11:30:24,767] {code.py:85} INFO - 11-28-2021
[2021-05-27 11:30:25,226] {code.py:85} INFO - 11-29-2021
[2021-05-27 11:30:25,715] {code.py:85} INFO - 11-30-2021
[2021-05-27 11:30:26,204] {code.py:85} INFO - 11-31-2021
[2021-05-27 11:30:26,739] {code.py:85} INFO - 12-01-2021
[2021-05-27 11:30:27,253] {code.py:85} INFO - 12-02-2021
[2021-05-27 11:30:27,716] {code.py:85} INFO - 12-03-2021
[2021-05-27 11:30:28,274] {code.py:85} INFO - 12-04-2021
[2021-05-27 11:30:28,891] {code.py:85} INFO - 12-05-2021
[2021-05-27 11:30:29,401] {code.py:85} INFO - 12-06-2021
[2021-05-27 11:30:29,880] {code.py:85} INFO - 12-07-2021
[2021-05-27 11:30:30,361] {code.py:85} INFO - 12-08-2021
[2021-05-27 11:30:30,872] {code.py:85} INFO - 12-09-2021
[2021-05-27 11:30:31,425] {code.py:85} INFO - 12-10-2021
[2021-05-27 11:30:31,961] {code.py:85} INFO - 12-11-2021
[2021-05-27 11:30:32,473] {code.py:85} INFO - 12-12-2021
[2021-05-27 11:30:32,987] {code.py:85} INFO - 12-13-2021
[2021-05-27 11:30:33,803] {code.py:85} INFO - 12-14-2021
[2021-05-27 11:30:34,316] {code.py:85} INFO - 12-15-2021
[2021-05-27 11:30:34,826] {code.py:85} INFO - 12-16-2021
[2021-05-27 11:30:35,343] {code.py:85} INFO - 12-17-2021
[2021-05-27 11:30:35,829] {code.py:85} INFO - 12-18-2021
[2021-05-27 11:30:36,578] {code.py:85} INFO - 12-19-2021
[2021-05-27 11:30:37,207] {code.py:85} INFO - 12-20-2021
[2021-05-27 11:30:37,820] {code.py:85} INFO - 12-21-2021
[2021-05-27 11:30:38,438] {code.py:85} INFO - 12-22-2021
[2021-05-27 11:30:39,049] {code.py:85} INFO - 12-23-2021
[2021-05-27 11:30:39,663] {code.py:85} INFO - 12-24-2021
[2021-05-27 11:30:40,348] {code.py:85} INFO - 12-25-2021
[2021-05-27 11:30:40,971] {code.py:85} INFO - 12-26-2021
[2021-05-27 11:30:41,588] {code.py:85} INFO - 12-27-2021
[2021-05-27 11:30:42,094] {code.py:85} INFO - 12-28-2021
[2021-05-27 11:30:42,619] {code.py:85} INFO - 12-29-2021
[2021-05-27 11:30:43,173] {code.py:85} INFO - 12-30-2021
[2021-05-27 11:30:43,740] {code.py:85} INFO - 12-31-2021
[2021-05-27 11:30:44,250] {code.py:89} INFO - It took 9.61 minutes to get all data
[2021-05-27 11:30:44,649] {python.py:151} INFO - Done. Returned value was: None
[2021-05-27 11:30:44,662] {taskinstance.py:1191} INFO - Marking task as SUCCESS. dag_id=assignment_2, task_id=extract_csv, execution_date=20210527T112022, start_date=20210527T112107, end_date=20210527T113044
[2021-05-27 11:30:44,699] {taskinstance.py:1245} INFO - 1 downstream tasks scheduled from follow-on schedule check
[2021-05-27 11:30:44,751] {local_task_job.py:151} INFO - Task exited with return code 0
