[2021-05-26 23:22:19,318] {scheduler_job.py:182} INFO - Started process (PID=2852) to work on /opt/airflow/dags/code.py
[2021-05-26 23:22:19,319] {scheduler_job.py:633} INFO - Processing file /opt/airflow/dags/code.py for tasks to queue
[2021-05-26 23:22:19,319] {logging_mixin.py:104} INFO - [2021-05-26 23:22:19,319] {dagbag.py:487} INFO - Filling up the DagBag from /opt/airflow/dags/code.py
[2021-05-26 23:22:19,614] {scheduler_job.py:643} INFO - DAG(s) dict_keys(['assignment_2']) retrieved from /opt/airflow/dags/code.py
[2021-05-26 23:22:21,380] {logging_mixin.py:104} INFO - [2021-05-26 23:22:21,379] {dag.py:1832} INFO - Sync 1 DAGs
[2021-05-26 23:22:21,389] {logging_mixin.py:104} INFO - [2021-05-26 23:22:21,388] {dag.py:1851} INFO - Creating ORM DAG for assignment_2
[2021-05-26 23:22:21,393] {logging_mixin.py:104} INFO - [2021-05-26 23:22:21,393] {dag.py:2305} INFO - Setting next_dagrun for assignment_2 to None
[2021-05-26 23:22:21,401] {scheduler_job.py:190} INFO - Processing /opt/airflow/dags/code.py took 2.086 seconds
[2021-05-26 23:22:52,211] {scheduler_job.py:182} INFO - Started process (PID=2919) to work on /opt/airflow/dags/code.py
[2021-05-26 23:22:52,212] {scheduler_job.py:633} INFO - Processing file /opt/airflow/dags/code.py for tasks to queue
[2021-05-26 23:22:52,213] {logging_mixin.py:104} INFO - [2021-05-26 23:22:52,213] {dagbag.py:487} INFO - Filling up the DagBag from /opt/airflow/dags/code.py
[2021-05-26 23:22:52,641] {scheduler_job.py:643} INFO - DAG(s) dict_keys(['assignment_2']) retrieved from /opt/airflow/dags/code.py
[2021-05-26 23:22:52,658] {logging_mixin.py:104} INFO - [2021-05-26 23:22:52,658] {dag.py:1832} INFO - Sync 1 DAGs
[2021-05-26 23:22:52,676] {logging_mixin.py:104} INFO - [2021-05-26 23:22:52,676] {dag.py:2305} INFO - Setting next_dagrun for assignment_2 to None
[2021-05-26 23:22:52,685] {scheduler_job.py:190} INFO - Processing /opt/airflow/dags/code.py took 0.477 seconds
[2021-05-26 23:23:23,010] {scheduler_job.py:182} INFO - Started process (PID=2999) to work on /opt/airflow/dags/code.py
[2021-05-26 23:23:23,011] {scheduler_job.py:633} INFO - Processing file /opt/airflow/dags/code.py for tasks to queue
[2021-05-26 23:23:23,012] {logging_mixin.py:104} INFO - [2021-05-26 23:23:23,012] {dagbag.py:487} INFO - Filling up the DagBag from /opt/airflow/dags/code.py
[2021-05-26 23:23:23,315] {scheduler_job.py:643} INFO - DAG(s) dict_keys(['assignment_2']) retrieved from /opt/airflow/dags/code.py
[2021-05-26 23:23:23,329] {logging_mixin.py:104} INFO - [2021-05-26 23:23:23,329] {dag.py:1832} INFO - Sync 1 DAGs
[2021-05-26 23:23:23,339] {logging_mixin.py:104} INFO - [2021-05-26 23:23:23,339] {dag.py:2305} INFO - Setting next_dagrun for assignment_2 to None
[2021-05-26 23:23:23,348] {scheduler_job.py:190} INFO - Processing /opt/airflow/dags/code.py took 0.340 seconds
[2021-05-26 23:23:54,343] {scheduler_job.py:182} INFO - Started process (PID=3065) to work on /opt/airflow/dags/code.py
[2021-05-26 23:23:54,344] {scheduler_job.py:633} INFO - Processing file /opt/airflow/dags/code.py for tasks to queue
[2021-05-26 23:23:54,345] {logging_mixin.py:104} INFO - [2021-05-26 23:23:54,345] {dagbag.py:487} INFO - Filling up the DagBag from /opt/airflow/dags/code.py
[2021-05-26 23:23:54,735] {scheduler_job.py:643} INFO - DAG(s) dict_keys(['assignment_2']) retrieved from /opt/airflow/dags/code.py
[2021-05-26 23:23:54,752] {logging_mixin.py:104} INFO - [2021-05-26 23:23:54,752] {dag.py:1832} INFO - Sync 1 DAGs
[2021-05-26 23:23:54,766] {logging_mixin.py:104} INFO - [2021-05-26 23:23:54,765] {dag.py:2305} INFO - Setting next_dagrun for assignment_2 to None
[2021-05-26 23:23:54,774] {scheduler_job.py:190} INFO - Processing /opt/airflow/dags/code.py took 0.435 seconds
[2021-05-26 23:24:25,248] {scheduler_job.py:182} INFO - Started process (PID=3145) to work on /opt/airflow/dags/code.py
[2021-05-26 23:24:25,251] {scheduler_job.py:633} INFO - Processing file /opt/airflow/dags/code.py for tasks to queue
[2021-05-26 23:24:25,252] {logging_mixin.py:104} INFO - [2021-05-26 23:24:25,252] {dagbag.py:487} INFO - Filling up the DagBag from /opt/airflow/dags/code.py
[2021-05-26 23:24:25,567] {scheduler_job.py:643} INFO - DAG(s) dict_keys(['assignment_2']) retrieved from /opt/airflow/dags/code.py
[2021-05-26 23:24:25,579] {logging_mixin.py:104} INFO - [2021-05-26 23:24:25,579] {dag.py:1832} INFO - Sync 1 DAGs
[2021-05-26 23:24:25,590] {logging_mixin.py:104} INFO - [2021-05-26 23:24:25,590] {dag.py:2305} INFO - Setting next_dagrun for assignment_2 to None
[2021-05-26 23:24:25,598] {scheduler_job.py:190} INFO - Processing /opt/airflow/dags/code.py took 0.353 seconds
[2021-05-26 23:24:56,490] {scheduler_job.py:182} INFO - Started process (PID=3218) to work on /opt/airflow/dags/code.py
[2021-05-26 23:24:56,491] {scheduler_job.py:633} INFO - Processing file /opt/airflow/dags/code.py for tasks to queue
[2021-05-26 23:24:56,492] {logging_mixin.py:104} INFO - [2021-05-26 23:24:56,492] {dagbag.py:487} INFO - Filling up the DagBag from /opt/airflow/dags/code.py
[2021-05-26 23:24:56,983] {scheduler_job.py:643} INFO - DAG(s) dict_keys(['assignment_2']) retrieved from /opt/airflow/dags/code.py
[2021-05-26 23:24:57,002] {logging_mixin.py:104} INFO - [2021-05-26 23:24:57,001] {dag.py:1832} INFO - Sync 1 DAGs
[2021-05-26 23:24:57,020] {logging_mixin.py:104} INFO - [2021-05-26 23:24:57,020] {dag.py:2305} INFO - Setting next_dagrun for assignment_2 to None
[2021-05-26 23:24:57,031] {scheduler_job.py:190} INFO - Processing /opt/airflow/dags/code.py took 0.544 seconds
[2021-05-26 23:25:27,330] {scheduler_job.py:182} INFO - Started process (PID=3289) to work on /opt/airflow/dags/code.py
[2021-05-26 23:25:27,331] {scheduler_job.py:633} INFO - Processing file /opt/airflow/dags/code.py for tasks to queue
[2021-05-26 23:25:27,332] {logging_mixin.py:104} INFO - [2021-05-26 23:25:27,332] {dagbag.py:487} INFO - Filling up the DagBag from /opt/airflow/dags/code.py
[2021-05-26 23:25:27,718] {scheduler_job.py:643} INFO - DAG(s) dict_keys(['assignment_2']) retrieved from /opt/airflow/dags/code.py
[2021-05-26 23:25:27,734] {logging_mixin.py:104} INFO - [2021-05-26 23:25:27,734] {dag.py:1832} INFO - Sync 1 DAGs
[2021-05-26 23:25:27,746] {logging_mixin.py:104} INFO - [2021-05-26 23:25:27,746] {dag.py:2305} INFO - Setting next_dagrun for assignment_2 to None
[2021-05-26 23:25:27,753] {scheduler_job.py:190} INFO - Processing /opt/airflow/dags/code.py took 0.426 seconds
[2021-05-26 23:25:58,014] {scheduler_job.py:182} INFO - Started process (PID=3369) to work on /opt/airflow/dags/code.py
[2021-05-26 23:25:58,015] {scheduler_job.py:633} INFO - Processing file /opt/airflow/dags/code.py for tasks to queue
[2021-05-26 23:25:58,015] {logging_mixin.py:104} INFO - [2021-05-26 23:25:58,015] {dagbag.py:487} INFO - Filling up the DagBag from /opt/airflow/dags/code.py
[2021-05-26 23:25:58,387] {scheduler_job.py:643} INFO - DAG(s) dict_keys(['assignment_2']) retrieved from /opt/airflow/dags/code.py
[2021-05-26 23:25:58,401] {logging_mixin.py:104} INFO - [2021-05-26 23:25:58,401] {dag.py:1832} INFO - Sync 1 DAGs
[2021-05-26 23:25:58,412] {logging_mixin.py:104} INFO - [2021-05-26 23:25:58,412] {dag.py:2305} INFO - Setting next_dagrun for assignment_2 to None
[2021-05-26 23:25:58,420] {scheduler_job.py:190} INFO - Processing /opt/airflow/dags/code.py took 0.409 seconds
[2021-05-26 23:26:28,678] {scheduler_job.py:182} INFO - Started process (PID=3433) to work on /opt/airflow/dags/code.py
[2021-05-26 23:26:28,680] {scheduler_job.py:633} INFO - Processing file /opt/airflow/dags/code.py for tasks to queue
[2021-05-26 23:26:28,681] {logging_mixin.py:104} INFO - [2021-05-26 23:26:28,681] {dagbag.py:487} INFO - Filling up the DagBag from /opt/airflow/dags/code.py
[2021-05-26 23:26:29,161] {scheduler_job.py:643} INFO - DAG(s) dict_keys(['assignment_2']) retrieved from /opt/airflow/dags/code.py
[2021-05-26 23:26:29,176] {logging_mixin.py:104} INFO - [2021-05-26 23:26:29,176] {dag.py:1832} INFO - Sync 1 DAGs
[2021-05-26 23:26:29,187] {logging_mixin.py:104} INFO - [2021-05-26 23:26:29,187] {dag.py:2305} INFO - Setting next_dagrun for assignment_2 to None
[2021-05-26 23:26:29,195] {scheduler_job.py:190} INFO - Processing /opt/airflow/dags/code.py took 0.521 seconds
[2021-05-26 23:26:59,339] {scheduler_job.py:182} INFO - Started process (PID=3518) to work on /opt/airflow/dags/code.py
[2021-05-26 23:26:59,340] {scheduler_job.py:633} INFO - Processing file /opt/airflow/dags/code.py for tasks to queue
[2021-05-26 23:26:59,340] {logging_mixin.py:104} INFO - [2021-05-26 23:26:59,340] {dagbag.py:487} INFO - Filling up the DagBag from /opt/airflow/dags/code.py
[2021-05-26 23:26:59,636] {scheduler_job.py:643} INFO - DAG(s) dict_keys(['assignment_2']) retrieved from /opt/airflow/dags/code.py
[2021-05-26 23:26:59,649] {logging_mixin.py:104} INFO - [2021-05-26 23:26:59,649] {dag.py:1832} INFO - Sync 1 DAGs
[2021-05-26 23:26:59,660] {logging_mixin.py:104} INFO - [2021-05-26 23:26:59,660] {dag.py:2305} INFO - Setting next_dagrun for assignment_2 to None
[2021-05-26 23:26:59,667] {scheduler_job.py:190} INFO - Processing /opt/airflow/dags/code.py took 0.331 seconds
[2021-05-26 23:27:29,801] {scheduler_job.py:182} INFO - Started process (PID=3577) to work on /opt/airflow/dags/code.py
[2021-05-26 23:27:29,803] {scheduler_job.py:633} INFO - Processing file /opt/airflow/dags/code.py for tasks to queue
[2021-05-26 23:27:29,803] {logging_mixin.py:104} INFO - [2021-05-26 23:27:29,803] {dagbag.py:487} INFO - Filling up the DagBag from /opt/airflow/dags/code.py
[2021-05-26 23:27:30,196] {scheduler_job.py:643} INFO - DAG(s) dict_keys(['assignment_2']) retrieved from /opt/airflow/dags/code.py
[2021-05-26 23:27:30,211] {logging_mixin.py:104} INFO - [2021-05-26 23:27:30,211] {dag.py:1832} INFO - Sync 1 DAGs
[2021-05-26 23:27:30,222] {logging_mixin.py:104} INFO - [2021-05-26 23:27:30,222] {dag.py:2305} INFO - Setting next_dagrun for assignment_2 to None
[2021-05-26 23:27:30,231] {scheduler_job.py:190} INFO - Processing /opt/airflow/dags/code.py took 0.435 seconds
[2021-05-26 23:28:00,875] {scheduler_job.py:182} INFO - Started process (PID=3657) to work on /opt/airflow/dags/code.py
[2021-05-26 23:28:00,876] {scheduler_job.py:633} INFO - Processing file /opt/airflow/dags/code.py for tasks to queue
[2021-05-26 23:28:00,877] {logging_mixin.py:104} INFO - [2021-05-26 23:28:00,877] {dagbag.py:487} INFO - Filling up the DagBag from /opt/airflow/dags/code.py
[2021-05-26 23:28:01,216] {scheduler_job.py:643} INFO - DAG(s) dict_keys(['assignment_2']) retrieved from /opt/airflow/dags/code.py
[2021-05-26 23:28:01,229] {logging_mixin.py:104} INFO - [2021-05-26 23:28:01,229] {dag.py:1832} INFO - Sync 1 DAGs
[2021-05-26 23:28:01,241] {logging_mixin.py:104} INFO - [2021-05-26 23:28:01,240] {dag.py:2305} INFO - Setting next_dagrun for assignment_2 to None
[2021-05-26 23:28:01,251] {scheduler_job.py:190} INFO - Processing /opt/airflow/dags/code.py took 0.379 seconds
[2021-05-26 23:28:31,528] {scheduler_job.py:182} INFO - Started process (PID=3721) to work on /opt/airflow/dags/code.py
[2021-05-26 23:28:31,530] {scheduler_job.py:633} INFO - Processing file /opt/airflow/dags/code.py for tasks to queue
[2021-05-26 23:28:31,531] {logging_mixin.py:104} INFO - [2021-05-26 23:28:31,531] {dagbag.py:487} INFO - Filling up the DagBag from /opt/airflow/dags/code.py
[2021-05-26 23:28:31,922] {scheduler_job.py:643} INFO - DAG(s) dict_keys(['assignment_2']) retrieved from /opt/airflow/dags/code.py
[2021-05-26 23:28:31,937] {logging_mixin.py:104} INFO - [2021-05-26 23:28:31,937] {dag.py:1832} INFO - Sync 1 DAGs
[2021-05-26 23:28:31,948] {logging_mixin.py:104} INFO - [2021-05-26 23:28:31,948] {dag.py:2305} INFO - Setting next_dagrun for assignment_2 to None
[2021-05-26 23:28:31,958] {scheduler_job.py:190} INFO - Processing /opt/airflow/dags/code.py took 0.442 seconds
[2021-05-26 23:29:02,230] {scheduler_job.py:182} INFO - Started process (PID=3806) to work on /opt/airflow/dags/code.py
[2021-05-26 23:29:02,231] {scheduler_job.py:633} INFO - Processing file /opt/airflow/dags/code.py for tasks to queue
[2021-05-26 23:29:02,232] {logging_mixin.py:104} INFO - [2021-05-26 23:29:02,232] {dagbag.py:487} INFO - Filling up the DagBag from /opt/airflow/dags/code.py
[2021-05-26 23:29:02,659] {scheduler_job.py:643} INFO - DAG(s) dict_keys(['assignment_2']) retrieved from /opt/airflow/dags/code.py
[2021-05-26 23:29:02,678] {logging_mixin.py:104} INFO - [2021-05-26 23:29:02,678] {dag.py:1832} INFO - Sync 1 DAGs
[2021-05-26 23:29:02,692] {logging_mixin.py:104} INFO - [2021-05-26 23:29:02,692] {dag.py:2305} INFO - Setting next_dagrun for assignment_2 to None
[2021-05-26 23:29:02,705] {scheduler_job.py:190} INFO - Processing /opt/airflow/dags/code.py took 0.479 seconds
[2021-05-26 23:29:33,482] {scheduler_job.py:182} INFO - Started process (PID=3870) to work on /opt/airflow/dags/code.py
[2021-05-26 23:29:33,483] {scheduler_job.py:633} INFO - Processing file /opt/airflow/dags/code.py for tasks to queue
[2021-05-26 23:29:33,483] {logging_mixin.py:104} INFO - [2021-05-26 23:29:33,483] {dagbag.py:487} INFO - Filling up the DagBag from /opt/airflow/dags/code.py
[2021-05-26 23:29:33,853] {scheduler_job.py:643} INFO - DAG(s) dict_keys(['assignment_2']) retrieved from /opt/airflow/dags/code.py
[2021-05-26 23:29:33,870] {logging_mixin.py:104} INFO - [2021-05-26 23:29:33,869] {dag.py:1832} INFO - Sync 1 DAGs
[2021-05-26 23:29:33,887] {logging_mixin.py:104} INFO - [2021-05-26 23:29:33,887] {dag.py:2305} INFO - Setting next_dagrun for assignment_2 to None
[2021-05-26 23:29:33,899] {scheduler_job.py:190} INFO - Processing /opt/airflow/dags/code.py took 0.420 seconds
[2021-05-26 23:30:04,821] {scheduler_job.py:182} INFO - Started process (PID=3950) to work on /opt/airflow/dags/code.py
[2021-05-26 23:30:04,823] {scheduler_job.py:633} INFO - Processing file /opt/airflow/dags/code.py for tasks to queue
[2021-05-26 23:30:04,824] {logging_mixin.py:104} INFO - [2021-05-26 23:30:04,824] {dagbag.py:487} INFO - Filling up the DagBag from /opt/airflow/dags/code.py
[2021-05-26 23:30:05,177] {scheduler_job.py:643} INFO - DAG(s) dict_keys(['assignment_2']) retrieved from /opt/airflow/dags/code.py
[2021-05-26 23:30:05,194] {logging_mixin.py:104} INFO - [2021-05-26 23:30:05,193] {dag.py:1832} INFO - Sync 1 DAGs
[2021-05-26 23:30:05,205] {logging_mixin.py:104} INFO - [2021-05-26 23:30:05,205] {dag.py:2305} INFO - Setting next_dagrun for assignment_2 to None
[2021-05-26 23:30:05,215] {scheduler_job.py:190} INFO - Processing /opt/airflow/dags/code.py took 0.398 seconds
[2021-05-26 23:30:35,493] {scheduler_job.py:182} INFO - Started process (PID=4023) to work on /opt/airflow/dags/code.py
[2021-05-26 23:30:35,494] {scheduler_job.py:633} INFO - Processing file /opt/airflow/dags/code.py for tasks to queue
[2021-05-26 23:30:35,494] {logging_mixin.py:104} INFO - [2021-05-26 23:30:35,494] {dagbag.py:487} INFO - Filling up the DagBag from /opt/airflow/dags/code.py
[2021-05-26 23:30:35,845] {scheduler_job.py:643} INFO - DAG(s) dict_keys(['assignment_2']) retrieved from /opt/airflow/dags/code.py
[2021-05-26 23:30:35,860] {logging_mixin.py:104} INFO - [2021-05-26 23:30:35,860] {dag.py:1832} INFO - Sync 1 DAGs
[2021-05-26 23:30:35,874] {logging_mixin.py:104} INFO - [2021-05-26 23:30:35,873] {dag.py:2305} INFO - Setting next_dagrun for assignment_2 to None
[2021-05-26 23:30:35,883] {scheduler_job.py:190} INFO - Processing /opt/airflow/dags/code.py took 0.393 seconds
[2021-05-26 23:31:05,903] {scheduler_job.py:182} INFO - Started process (PID=4095) to work on /opt/airflow/dags/code.py
[2021-05-26 23:31:05,905] {scheduler_job.py:633} INFO - Processing file /opt/airflow/dags/code.py for tasks to queue
[2021-05-26 23:31:05,905] {logging_mixin.py:104} INFO - [2021-05-26 23:31:05,905] {dagbag.py:487} INFO - Filling up the DagBag from /opt/airflow/dags/code.py
[2021-05-26 23:31:06,245] {scheduler_job.py:643} INFO - DAG(s) dict_keys(['assignment_2']) retrieved from /opt/airflow/dags/code.py
[2021-05-26 23:31:06,261] {logging_mixin.py:104} INFO - [2021-05-26 23:31:06,261] {dag.py:1832} INFO - Sync 1 DAGs
[2021-05-26 23:31:06,274] {logging_mixin.py:104} INFO - [2021-05-26 23:31:06,274] {dag.py:2305} INFO - Setting next_dagrun for assignment_2 to None
[2021-05-26 23:31:06,282] {scheduler_job.py:190} INFO - Processing /opt/airflow/dags/code.py took 0.383 seconds
[2021-05-26 23:31:37,161] {scheduler_job.py:182} INFO - Started process (PID=4159) to work on /opt/airflow/dags/code.py
[2021-05-26 23:31:37,162] {scheduler_job.py:633} INFO - Processing file /opt/airflow/dags/code.py for tasks to queue
[2021-05-26 23:31:37,163] {logging_mixin.py:104} INFO - [2021-05-26 23:31:37,163] {dagbag.py:487} INFO - Filling up the DagBag from /opt/airflow/dags/code.py
[2021-05-26 23:31:37,520] {scheduler_job.py:643} INFO - DAG(s) dict_keys(['assignment_2']) retrieved from /opt/airflow/dags/code.py
[2021-05-26 23:31:37,533] {logging_mixin.py:104} INFO - [2021-05-26 23:31:37,533] {dag.py:1832} INFO - Sync 1 DAGs
[2021-05-26 23:31:37,547] {logging_mixin.py:104} INFO - [2021-05-26 23:31:37,547] {dag.py:2305} INFO - Setting next_dagrun for assignment_2 to None
[2021-05-26 23:31:37,558] {scheduler_job.py:190} INFO - Processing /opt/airflow/dags/code.py took 0.399 seconds
[2021-05-26 23:32:08,302] {scheduler_job.py:182} INFO - Started process (PID=4239) to work on /opt/airflow/dags/code.py
[2021-05-26 23:32:08,303] {scheduler_job.py:633} INFO - Processing file /opt/airflow/dags/code.py for tasks to queue
[2021-05-26 23:32:08,304] {logging_mixin.py:104} INFO - [2021-05-26 23:32:08,304] {dagbag.py:487} INFO - Filling up the DagBag from /opt/airflow/dags/code.py
[2021-05-26 23:32:08,646] {scheduler_job.py:643} INFO - DAG(s) dict_keys(['assignment_2']) retrieved from /opt/airflow/dags/code.py
[2021-05-26 23:32:08,661] {logging_mixin.py:104} INFO - [2021-05-26 23:32:08,661] {dag.py:1832} INFO - Sync 1 DAGs
[2021-05-26 23:32:08,672] {logging_mixin.py:104} INFO - [2021-05-26 23:32:08,672] {dag.py:2305} INFO - Setting next_dagrun for assignment_2 to None
[2021-05-26 23:32:08,680] {scheduler_job.py:190} INFO - Processing /opt/airflow/dags/code.py took 0.382 seconds
[2021-05-26 23:32:38,740] {scheduler_job.py:182} INFO - Started process (PID=4311) to work on /opt/airflow/dags/code.py
[2021-05-26 23:32:38,741] {scheduler_job.py:633} INFO - Processing file /opt/airflow/dags/code.py for tasks to queue
[2021-05-26 23:32:38,742] {logging_mixin.py:104} INFO - [2021-05-26 23:32:38,742] {dagbag.py:487} INFO - Filling up the DagBag from /opt/airflow/dags/code.py
[2021-05-26 23:32:39,106] {scheduler_job.py:643} INFO - DAG(s) dict_keys(['assignment_2']) retrieved from /opt/airflow/dags/code.py
[2021-05-26 23:32:39,123] {logging_mixin.py:104} INFO - [2021-05-26 23:32:39,123] {dag.py:1832} INFO - Sync 1 DAGs
[2021-05-26 23:32:39,138] {logging_mixin.py:104} INFO - [2021-05-26 23:32:39,138] {dag.py:2305} INFO - Setting next_dagrun for assignment_2 to None
[2021-05-26 23:32:39,148] {scheduler_job.py:190} INFO - Processing /opt/airflow/dags/code.py took 0.411 seconds
[2021-05-26 23:33:10,102] {scheduler_job.py:182} INFO - Started process (PID=4384) to work on /opt/airflow/dags/code.py
[2021-05-26 23:33:10,104] {scheduler_job.py:633} INFO - Processing file /opt/airflow/dags/code.py for tasks to queue
[2021-05-26 23:33:10,106] {logging_mixin.py:104} INFO - [2021-05-26 23:33:10,104] {dagbag.py:487} INFO - Filling up the DagBag from /opt/airflow/dags/code.py
[2021-05-26 23:33:10,509] {scheduler_job.py:643} INFO - DAG(s) dict_keys(['assignment_2']) retrieved from /opt/airflow/dags/code.py
[2021-05-26 23:33:10,525] {logging_mixin.py:104} INFO - [2021-05-26 23:33:10,525] {dag.py:1832} INFO - Sync 1 DAGs
[2021-05-26 23:33:10,538] {logging_mixin.py:104} INFO - [2021-05-26 23:33:10,538] {dag.py:2305} INFO - Setting next_dagrun for assignment_2 to None
[2021-05-26 23:33:10,545] {scheduler_job.py:190} INFO - Processing /opt/airflow/dags/code.py took 0.449 seconds
[2021-05-26 23:33:40,612] {scheduler_job.py:182} INFO - Started process (PID=4459) to work on /opt/airflow/dags/code.py
[2021-05-26 23:33:40,613] {scheduler_job.py:633} INFO - Processing file /opt/airflow/dags/code.py for tasks to queue
[2021-05-26 23:33:40,614] {logging_mixin.py:104} INFO - [2021-05-26 23:33:40,613] {dagbag.py:487} INFO - Filling up the DagBag from /opt/airflow/dags/code.py
[2021-05-26 23:33:41,041] {scheduler_job.py:643} INFO - DAG(s) dict_keys(['assignment_2']) retrieved from /opt/airflow/dags/code.py
[2021-05-26 23:33:41,056] {logging_mixin.py:104} INFO - [2021-05-26 23:33:41,056] {dag.py:1832} INFO - Sync 1 DAGs
[2021-05-26 23:33:41,068] {logging_mixin.py:104} INFO - [2021-05-26 23:33:41,068] {dag.py:2305} INFO - Setting next_dagrun for assignment_2 to None
[2021-05-26 23:33:41,078] {scheduler_job.py:190} INFO - Processing /opt/airflow/dags/code.py took 0.469 seconds
[2021-05-26 23:34:11,119] {scheduler_job.py:182} INFO - Started process (PID=4530) to work on /opt/airflow/dags/code.py
[2021-05-26 23:34:11,120] {scheduler_job.py:633} INFO - Processing file /opt/airflow/dags/code.py for tasks to queue
[2021-05-26 23:34:11,121] {logging_mixin.py:104} INFO - [2021-05-26 23:34:11,121] {dagbag.py:487} INFO - Filling up the DagBag from /opt/airflow/dags/code.py
[2021-05-26 23:34:11,464] {scheduler_job.py:643} INFO - DAG(s) dict_keys(['assignment_2']) retrieved from /opt/airflow/dags/code.py
[2021-05-26 23:34:11,479] {logging_mixin.py:104} INFO - [2021-05-26 23:34:11,479] {dag.py:1832} INFO - Sync 1 DAGs
[2021-05-26 23:34:11,492] {logging_mixin.py:104} INFO - [2021-05-26 23:34:11,492] {dag.py:2305} INFO - Setting next_dagrun for assignment_2 to None
[2021-05-26 23:34:11,500] {scheduler_job.py:190} INFO - Processing /opt/airflow/dags/code.py took 0.383 seconds
[2021-05-26 23:34:42,417] {scheduler_job.py:182} INFO - Started process (PID=4603) to work on /opt/airflow/dags/code.py
[2021-05-26 23:34:42,419] {scheduler_job.py:633} INFO - Processing file /opt/airflow/dags/code.py for tasks to queue
[2021-05-26 23:34:42,420] {logging_mixin.py:104} INFO - [2021-05-26 23:34:42,420] {dagbag.py:487} INFO - Filling up the DagBag from /opt/airflow/dags/code.py
[2021-05-26 23:34:43,034] {scheduler_job.py:643} INFO - DAG(s) dict_keys(['assignment_2']) retrieved from /opt/airflow/dags/code.py
[2021-05-26 23:34:43,065] {logging_mixin.py:104} INFO - [2021-05-26 23:34:43,065] {dag.py:1832} INFO - Sync 1 DAGs
[2021-05-26 23:34:43,091] {logging_mixin.py:104} INFO - [2021-05-26 23:34:43,091] {dag.py:2305} INFO - Setting next_dagrun for assignment_2 to None
[2021-05-26 23:34:43,108] {scheduler_job.py:190} INFO - Processing /opt/airflow/dags/code.py took 0.696 seconds
[2021-05-26 23:35:13,705] {scheduler_job.py:182} INFO - Started process (PID=4677) to work on /opt/airflow/dags/code.py
[2021-05-26 23:35:13,706] {scheduler_job.py:633} INFO - Processing file /opt/airflow/dags/code.py for tasks to queue
[2021-05-26 23:35:13,707] {logging_mixin.py:104} INFO - [2021-05-26 23:35:13,707] {dagbag.py:487} INFO - Filling up the DagBag from /opt/airflow/dags/code.py
[2021-05-26 23:35:14,104] {logging_mixin.py:104} INFO - [2021-05-26 23:35:14,103] {dagbag.py:320} ERROR - Failed to import: /opt/airflow/dags/code.py
Traceback (most recent call last):
  File "/home/airflow/.local/lib/python3.6/site-packages/airflow/models/dagbag.py", line 317, in _load_modules_from_file
    loader.exec_module(new_module)
  File "<frozen importlib._bootstrap_external>", line 678, in exec_module
  File "<frozen importlib._bootstrap>", line 219, in _call_with_frames_removed
  File "/opt/airflow/dags/code.py", line 80, in <module>
    python_callble=start
  File "/home/airflow/.local/lib/python3.6/site-packages/airflow/models/baseoperator.py", line 174, in apply_defaults
    raise AirflowException(msg)
airflow.exceptions.AirflowException: Argument ['python_callable'] is required
[2021-05-26 23:35:14,104] {scheduler_job.py:645} WARNING - No viable dags retrieved from /opt/airflow/dags/code.py
[2021-05-26 23:35:14,117] {scheduler_job.py:190} INFO - Processing /opt/airflow/dags/code.py took 0.414 seconds
[2021-05-26 23:35:44,986] {scheduler_job.py:182} INFO - Started process (PID=4750) to work on /opt/airflow/dags/code.py
[2021-05-26 23:35:44,987] {scheduler_job.py:633} INFO - Processing file /opt/airflow/dags/code.py for tasks to queue
[2021-05-26 23:35:44,988] {logging_mixin.py:104} INFO - [2021-05-26 23:35:44,988] {dagbag.py:487} INFO - Filling up the DagBag from /opt/airflow/dags/code.py
[2021-05-26 23:35:45,336] {logging_mixin.py:104} INFO - [2021-05-26 23:35:45,335] {dagbag.py:320} ERROR - Failed to import: /opt/airflow/dags/code.py
Traceback (most recent call last):
  File "/home/airflow/.local/lib/python3.6/site-packages/airflow/models/dagbag.py", line 317, in _load_modules_from_file
    loader.exec_module(new_module)
  File "<frozen importlib._bootstrap_external>", line 678, in exec_module
  File "<frozen importlib._bootstrap>", line 219, in _call_with_frames_removed
  File "/opt/airflow/dags/code.py", line 80, in <module>
    python_callble=start
  File "/home/airflow/.local/lib/python3.6/site-packages/airflow/models/baseoperator.py", line 174, in apply_defaults
    raise AirflowException(msg)
airflow.exceptions.AirflowException: Argument ['python_callable'] is required
[2021-05-26 23:35:45,337] {scheduler_job.py:645} WARNING - No viable dags retrieved from /opt/airflow/dags/code.py
[2021-05-26 23:35:45,350] {scheduler_job.py:190} INFO - Processing /opt/airflow/dags/code.py took 0.367 seconds
[2021-05-26 23:36:16,280] {scheduler_job.py:182} INFO - Started process (PID=4821) to work on /opt/airflow/dags/code.py
[2021-05-26 23:36:16,284] {scheduler_job.py:633} INFO - Processing file /opt/airflow/dags/code.py for tasks to queue
[2021-05-26 23:36:16,286] {logging_mixin.py:104} INFO - [2021-05-26 23:36:16,286] {dagbag.py:487} INFO - Filling up the DagBag from /opt/airflow/dags/code.py
[2021-05-26 23:36:16,638] {logging_mixin.py:104} INFO - [2021-05-26 23:36:16,637] {dagbag.py:320} ERROR - Failed to import: /opt/airflow/dags/code.py
Traceback (most recent call last):
  File "/home/airflow/.local/lib/python3.6/site-packages/airflow/models/dagbag.py", line 317, in _load_modules_from_file
    loader.exec_module(new_module)
  File "<frozen importlib._bootstrap_external>", line 678, in exec_module
  File "<frozen importlib._bootstrap>", line 219, in _call_with_frames_removed
  File "/opt/airflow/dags/code.py", line 80, in <module>
    python_callble=start
  File "/home/airflow/.local/lib/python3.6/site-packages/airflow/models/baseoperator.py", line 174, in apply_defaults
    raise AirflowException(msg)
airflow.exceptions.AirflowException: Argument ['python_callable'] is required
[2021-05-26 23:36:16,638] {scheduler_job.py:645} WARNING - No viable dags retrieved from /opt/airflow/dags/code.py
[2021-05-26 23:36:16,650] {scheduler_job.py:190} INFO - Processing /opt/airflow/dags/code.py took 0.379 seconds
[2021-05-26 23:36:47,419] {scheduler_job.py:182} INFO - Started process (PID=4902) to work on /opt/airflow/dags/code.py
[2021-05-26 23:36:47,420] {scheduler_job.py:633} INFO - Processing file /opt/airflow/dags/code.py for tasks to queue
[2021-05-26 23:36:47,421] {logging_mixin.py:104} INFO - [2021-05-26 23:36:47,421] {dagbag.py:487} INFO - Filling up the DagBag from /opt/airflow/dags/code.py
[2021-05-26 23:36:47,780] {scheduler_job.py:643} INFO - DAG(s) dict_keys(['assignment_2']) retrieved from /opt/airflow/dags/code.py
[2021-05-26 23:36:47,950] {logging_mixin.py:104} INFO - [2021-05-26 23:36:47,949] {dag.py:1832} INFO - Sync 1 DAGs
[2021-05-26 23:36:47,961] {logging_mixin.py:104} INFO - [2021-05-26 23:36:47,960] {dag.py:2305} INFO - Setting next_dagrun for assignment_2 to None
[2021-05-26 23:36:47,973] {scheduler_job.py:190} INFO - Processing /opt/airflow/dags/code.py took 0.556 seconds
[2021-05-26 23:37:18,507] {scheduler_job.py:182} INFO - Started process (PID=4968) to work on /opt/airflow/dags/code.py
[2021-05-26 23:37:18,510] {scheduler_job.py:633} INFO - Processing file /opt/airflow/dags/code.py for tasks to queue
[2021-05-26 23:37:18,512] {logging_mixin.py:104} INFO - [2021-05-26 23:37:18,512] {dagbag.py:487} INFO - Filling up the DagBag from /opt/airflow/dags/code.py
[2021-05-26 23:37:18,934] {scheduler_job.py:643} INFO - DAG(s) dict_keys(['assignment_2']) retrieved from /opt/airflow/dags/code.py
[2021-05-26 23:37:18,950] {logging_mixin.py:104} INFO - [2021-05-26 23:37:18,950] {dag.py:1832} INFO - Sync 1 DAGs
[2021-05-26 23:37:18,961] {logging_mixin.py:104} INFO - [2021-05-26 23:37:18,961] {dag.py:2305} INFO - Setting next_dagrun for assignment_2 to None
[2021-05-26 23:37:18,971] {scheduler_job.py:190} INFO - Processing /opt/airflow/dags/code.py took 0.473 seconds
[2021-05-26 23:37:49,606] {scheduler_job.py:182} INFO - Started process (PID=5048) to work on /opt/airflow/dags/code.py
[2021-05-26 23:37:49,609] {scheduler_job.py:633} INFO - Processing file /opt/airflow/dags/code.py for tasks to queue
[2021-05-26 23:37:49,611] {logging_mixin.py:104} INFO - [2021-05-26 23:37:49,610] {dagbag.py:487} INFO - Filling up the DagBag from /opt/airflow/dags/code.py
[2021-05-26 23:37:49,949] {scheduler_job.py:643} INFO - DAG(s) dict_keys(['assignment_2']) retrieved from /opt/airflow/dags/code.py
[2021-05-26 23:37:49,964] {logging_mixin.py:104} INFO - [2021-05-26 23:37:49,964] {dag.py:1832} INFO - Sync 1 DAGs
[2021-05-26 23:37:49,976] {logging_mixin.py:104} INFO - [2021-05-26 23:37:49,976] {dag.py:2305} INFO - Setting next_dagrun for assignment_2 to None
[2021-05-26 23:37:49,985] {scheduler_job.py:190} INFO - Processing /opt/airflow/dags/code.py took 0.387 seconds
[2021-05-26 23:38:20,790] {scheduler_job.py:182} INFO - Started process (PID=5112) to work on /opt/airflow/dags/code.py
[2021-05-26 23:38:20,793] {scheduler_job.py:633} INFO - Processing file /opt/airflow/dags/code.py for tasks to queue
[2021-05-26 23:38:20,794] {logging_mixin.py:104} INFO - [2021-05-26 23:38:20,794] {dagbag.py:487} INFO - Filling up the DagBag from /opt/airflow/dags/code.py
[2021-05-26 23:38:21,125] {scheduler_job.py:643} INFO - DAG(s) dict_keys(['assignment_2']) retrieved from /opt/airflow/dags/code.py
[2021-05-26 23:38:21,140] {logging_mixin.py:104} INFO - [2021-05-26 23:38:21,140] {dag.py:1832} INFO - Sync 1 DAGs
[2021-05-26 23:38:21,152] {logging_mixin.py:104} INFO - [2021-05-26 23:38:21,152] {dag.py:2305} INFO - Setting next_dagrun for assignment_2 to None
[2021-05-26 23:38:21,162] {scheduler_job.py:190} INFO - Processing /opt/airflow/dags/code.py took 0.380 seconds
[2021-05-26 23:38:52,024] {scheduler_job.py:182} INFO - Started process (PID=5192) to work on /opt/airflow/dags/code.py
[2021-05-26 23:38:52,027] {scheduler_job.py:633} INFO - Processing file /opt/airflow/dags/code.py for tasks to queue
[2021-05-26 23:38:52,029] {logging_mixin.py:104} INFO - [2021-05-26 23:38:52,029] {dagbag.py:487} INFO - Filling up the DagBag from /opt/airflow/dags/code.py
[2021-05-26 23:38:52,346] {scheduler_job.py:643} INFO - DAG(s) dict_keys(['assignment_2']) retrieved from /opt/airflow/dags/code.py
[2021-05-26 23:38:52,360] {logging_mixin.py:104} INFO - [2021-05-26 23:38:52,360] {dag.py:1832} INFO - Sync 1 DAGs
[2021-05-26 23:38:52,373] {logging_mixin.py:104} INFO - [2021-05-26 23:38:52,373] {dag.py:2305} INFO - Setting next_dagrun for assignment_2 to None
[2021-05-26 23:38:52,383] {scheduler_job.py:190} INFO - Processing /opt/airflow/dags/code.py took 0.367 seconds
[2021-05-26 23:39:23,151] {scheduler_job.py:182} INFO - Started process (PID=5272) to work on /opt/airflow/dags/code.py
[2021-05-26 23:39:23,152] {scheduler_job.py:633} INFO - Processing file /opt/airflow/dags/code.py for tasks to queue
[2021-05-26 23:39:23,153] {logging_mixin.py:104} INFO - [2021-05-26 23:39:23,153] {dagbag.py:487} INFO - Filling up the DagBag from /opt/airflow/dags/code.py
[2021-05-26 23:39:23,532] {scheduler_job.py:643} INFO - DAG(s) dict_keys(['assignment_2']) retrieved from /opt/airflow/dags/code.py
[2021-05-26 23:39:23,547] {logging_mixin.py:104} INFO - [2021-05-26 23:39:23,547] {dag.py:1832} INFO - Sync 1 DAGs
[2021-05-26 23:39:23,562] {logging_mixin.py:104} INFO - [2021-05-26 23:39:23,562] {dag.py:2305} INFO - Setting next_dagrun for assignment_2 to None
[2021-05-26 23:39:23,572] {scheduler_job.py:190} INFO - Processing /opt/airflow/dags/code.py took 0.424 seconds
[2021-05-26 23:39:54,422] {scheduler_job.py:182} INFO - Started process (PID=5336) to work on /opt/airflow/dags/code.py
[2021-05-26 23:39:54,423] {scheduler_job.py:633} INFO - Processing file /opt/airflow/dags/code.py for tasks to queue
[2021-05-26 23:39:54,424] {logging_mixin.py:104} INFO - [2021-05-26 23:39:54,423] {dagbag.py:487} INFO - Filling up the DagBag from /opt/airflow/dags/code.py
[2021-05-26 23:39:54,742] {scheduler_job.py:643} INFO - DAG(s) dict_keys(['assignment_2']) retrieved from /opt/airflow/dags/code.py
[2021-05-26 23:39:54,758] {logging_mixin.py:104} INFO - [2021-05-26 23:39:54,758] {dag.py:1832} INFO - Sync 1 DAGs
[2021-05-26 23:39:54,770] {logging_mixin.py:104} INFO - [2021-05-26 23:39:54,770] {dag.py:2305} INFO - Setting next_dagrun for assignment_2 to None
[2021-05-26 23:39:54,780] {scheduler_job.py:190} INFO - Processing /opt/airflow/dags/code.py took 0.362 seconds
[2021-05-26 23:41:03,720] {scheduler_job.py:182} INFO - Started process (PID=31) to work on /opt/airflow/dags/code.py
[2021-05-26 23:41:03,722] {scheduler_job.py:633} INFO - Processing file /opt/airflow/dags/code.py for tasks to queue
[2021-05-26 23:41:03,723] {logging_mixin.py:104} INFO - [2021-05-26 23:41:03,723] {dagbag.py:487} INFO - Filling up the DagBag from /opt/airflow/dags/code.py
[2021-05-26 23:41:06,714] {scheduler_job.py:643} INFO - DAG(s) dict_keys(['assignment_2']) retrieved from /opt/airflow/dags/code.py
[2021-05-26 23:41:06,798] {logging_mixin.py:104} INFO - [2021-05-26 23:41:06,798] {dag.py:1832} INFO - Sync 1 DAGs
[2021-05-26 23:41:06,886] {logging_mixin.py:104} INFO - [2021-05-26 23:41:06,886] {dag.py:2305} INFO - Setting next_dagrun for assignment_2 to None
[2021-05-26 23:41:06,916] {scheduler_job.py:190} INFO - Processing /opt/airflow/dags/code.py took 3.201 seconds
[2021-05-26 23:41:37,359] {scheduler_job.py:182} INFO - Started process (PID=116) to work on /opt/airflow/dags/code.py
[2021-05-26 23:41:37,360] {scheduler_job.py:633} INFO - Processing file /opt/airflow/dags/code.py for tasks to queue
[2021-05-26 23:41:37,361] {logging_mixin.py:104} INFO - [2021-05-26 23:41:37,361] {dagbag.py:487} INFO - Filling up the DagBag from /opt/airflow/dags/code.py
[2021-05-26 23:41:37,841] {scheduler_job.py:643} INFO - DAG(s) dict_keys(['assignment_2']) retrieved from /opt/airflow/dags/code.py
[2021-05-26 23:41:37,865] {logging_mixin.py:104} INFO - [2021-05-26 23:41:37,864] {dag.py:1832} INFO - Sync 1 DAGs
[2021-05-26 23:41:37,887] {logging_mixin.py:104} INFO - [2021-05-26 23:41:37,887] {dag.py:2305} INFO - Setting next_dagrun for assignment_2 to None
[2021-05-26 23:41:37,898] {scheduler_job.py:190} INFO - Processing /opt/airflow/dags/code.py took 0.542 seconds
[2021-05-26 23:42:08,093] {scheduler_job.py:182} INFO - Started process (PID=180) to work on /opt/airflow/dags/code.py
[2021-05-26 23:42:08,094] {scheduler_job.py:633} INFO - Processing file /opt/airflow/dags/code.py for tasks to queue
[2021-05-26 23:42:08,094] {logging_mixin.py:104} INFO - [2021-05-26 23:42:08,094] {dagbag.py:487} INFO - Filling up the DagBag from /opt/airflow/dags/code.py
[2021-05-26 23:42:08,779] {scheduler_job.py:643} INFO - DAG(s) dict_keys(['assignment_2']) retrieved from /opt/airflow/dags/code.py
[2021-05-26 23:42:08,803] {logging_mixin.py:104} INFO - [2021-05-26 23:42:08,803] {dag.py:1832} INFO - Sync 1 DAGs
[2021-05-26 23:42:08,821] {logging_mixin.py:104} INFO - [2021-05-26 23:42:08,821] {dag.py:2305} INFO - Setting next_dagrun for assignment_2 to None
[2021-05-26 23:42:08,843] {scheduler_job.py:190} INFO - Processing /opt/airflow/dags/code.py took 0.755 seconds
[2021-05-26 23:42:39,183] {scheduler_job.py:182} INFO - Started process (PID=261) to work on /opt/airflow/dags/code.py
[2021-05-26 23:42:39,185] {scheduler_job.py:633} INFO - Processing file /opt/airflow/dags/code.py for tasks to queue
[2021-05-26 23:42:39,186] {logging_mixin.py:104} INFO - [2021-05-26 23:42:39,185] {dagbag.py:487} INFO - Filling up the DagBag from /opt/airflow/dags/code.py
[2021-05-26 23:42:39,590] {scheduler_job.py:643} INFO - DAG(s) dict_keys(['assignment_2']) retrieved from /opt/airflow/dags/code.py
[2021-05-26 23:42:39,611] {logging_mixin.py:104} INFO - [2021-05-26 23:42:39,611] {dag.py:1832} INFO - Sync 1 DAGs
[2021-05-26 23:42:39,628] {logging_mixin.py:104} INFO - [2021-05-26 23:42:39,628] {dag.py:2305} INFO - Setting next_dagrun for assignment_2 to None
[2021-05-26 23:42:39,638] {scheduler_job.py:190} INFO - Processing /opt/airflow/dags/code.py took 0.460 seconds
[2021-05-26 23:43:09,904] {scheduler_job.py:182} INFO - Started process (PID=325) to work on /opt/airflow/dags/code.py
[2021-05-26 23:43:09,905] {scheduler_job.py:633} INFO - Processing file /opt/airflow/dags/code.py for tasks to queue
[2021-05-26 23:43:09,906] {logging_mixin.py:104} INFO - [2021-05-26 23:43:09,906] {dagbag.py:487} INFO - Filling up the DagBag from /opt/airflow/dags/code.py
[2021-05-26 23:43:10,310] {scheduler_job.py:643} INFO - DAG(s) dict_keys(['assignment_2']) retrieved from /opt/airflow/dags/code.py
[2021-05-26 23:43:10,358] {logging_mixin.py:104} INFO - [2021-05-26 23:43:10,358] {dag.py:1832} INFO - Sync 1 DAGs
[2021-05-26 23:43:10,396] {logging_mixin.py:104} INFO - [2021-05-26 23:43:10,396] {dag.py:2305} INFO - Setting next_dagrun for assignment_2 to None
[2021-05-26 23:43:10,430] {scheduler_job.py:190} INFO - Processing /opt/airflow/dags/code.py took 0.529 seconds
